{
"contracts/deployment/lite/ComplianceTokenCMTATLiteStandalone.sol":{"l":{"34":47},"path":"/home/ryan/Pictures/dev/CMTAT-ACE/contracts/deployment/lite/ComplianceTokenCMTATLiteStandalone.sol","s":{"1":47},"b":{},"f":{"1":47},"fnMap":{"1":{"name":"constructor","line":25,"loc":{"start":{"line":25,"column":4},"end":{"line":42,"column":4}}}},"statementMap":{"1":{"start":{"line":34,"column":8},"end":{"line":34,"column":1480}}},"branchMap":{}},
"contracts/deployment/lite/ComplianceTokenCMTATLiteUpgradeable.sol":{"l":{"16":1},"path":"/home/ryan/Pictures/dev/CMTAT-ACE/contracts/deployment/lite/ComplianceTokenCMTATLiteUpgradeable.sol","s":{"1":1},"b":{},"f":{"1":1},"fnMap":{"1":{"name":"constructor","line":14,"loc":{"start":{"line":14,"column":4},"end":{"line":17,"column":4}}}},"statementMap":{"1":{"start":{"line":16,"column":8},"end":{"line":16,"column":29}}},"branchMap":{}},
"contracts/deployment/lite/ComplianceTokenCMTATLiteUUPSUpgradeable.sol":{"l":{"19":1},"path":"/home/ryan/Pictures/dev/CMTAT-ACE/contracts/deployment/lite/ComplianceTokenCMTATLiteUUPSUpgradeable.sol","s":{"1":1},"b":{"1":[2,1]},"f":{"1":1,"2":2},"fnMap":{"1":{"name":"constructor","line":17,"loc":{"start":{"line":17,"column":4},"end":{"line":20,"column":4}}},"2":{"name":"_authorizeUpgrade","line":27,"loc":{"start":{"line":25,"column":4},"end":{"line":27,"column":79}}}},"statementMap":{"1":{"start":{"line":19,"column":8},"end":{"line":19,"column":29}}},"branchMap":{"1":{"line":27,"type":"if","locations":[{"start":{"line":27,"column":49},"end":{"line":27,"column":49}},{"start":{"line":27,"column":49},"end":{"line":27,"column":49}}]}}},
"contracts/deployment/standard/ComplianceTokenCMTATStandalone.sol":{"l":{"34":8},"path":"/home/ryan/Pictures/dev/CMTAT-ACE/contracts/deployment/standard/ComplianceTokenCMTATStandalone.sol","s":{"1":8},"b":{},"f":{"1":8},"fnMap":{"1":{"name":"constructor","line":25,"loc":{"start":{"line":25,"column":4},"end":{"line":42,"column":4}}}},"statementMap":{"1":{"start":{"line":34,"column":8},"end":{"line":34,"column":1416}}},"branchMap":{}},
"contracts/deployment/standard/ComplianceTokenCMTATUpgradeable.sol":{"l":{"16":1},"path":"/home/ryan/Pictures/dev/CMTAT-ACE/contracts/deployment/standard/ComplianceTokenCMTATUpgradeable.sol","s":{"1":1},"b":{},"f":{"1":1},"fnMap":{"1":{"name":"constructor","line":14,"loc":{"start":{"line":14,"column":4},"end":{"line":17,"column":4}}}},"statementMap":{"1":{"start":{"line":16,"column":8},"end":{"line":16,"column":29}}},"branchMap":{}},
"contracts/deployment/standard/ComplianceTokenCMTATUUPSUpgradeable.sol":{"l":{"17":1},"path":"/home/ryan/Pictures/dev/CMTAT-ACE/contracts/deployment/standard/ComplianceTokenCMTATUUPSUpgradeable.sol","s":{"1":1},"b":{"1":[2,1]},"f":{"1":1,"2":2},"fnMap":{"1":{"name":"constructor","line":15,"loc":{"start":{"line":15,"column":4},"end":{"line":18,"column":4}}},"2":{"name":"_authorizeUpgrade","line":23,"loc":{"start":{"line":23,"column":4},"end":{"line":23,"column":112}}}},"statementMap":{"1":{"start":{"line":17,"column":8},"end":{"line":17,"column":29}}},"branchMap":{"1":{"line":23,"type":"if","locations":[{"start":{"line":23,"column":101},"end":{"line":23,"column":101}},{"start":{"line":23,"column":101},"end":{"line":23,"column":101}}]}}},
"contracts/modules/chainlink-ace/custom/ERC20TransferFromExtractor.sol":{"l":{"31":34,"32":34,"33":34,"34":34,"36":34,"37":30,"38":30,"39":30,"41":4,"42":4,"44":0,"47":34,"48":34,"49":34,"50":34,"51":34,"53":34},"path":"/home/ryan/Pictures/dev/CMTAT-ACE/contracts/modules/chainlink-ace/custom/ERC20TransferFromExtractor.sol","s":{"1":34,"2":34,"3":34,"4":34,"5":34,"6":4,"7":34,"8":34},"b":{"1":[30,4],"2":[4,0]},"f":{"1":34},"fnMap":{"1":{"name":"extract","line":28,"loc":{"start":{"line":28,"column":4},"end":{"line":54,"column":4}}}},"statementMap":{"1":{"start":{"line":31,"column":8},"end":{"line":31,"column":23}},"2":{"start":{"line":32,"column":8},"end":{"line":32,"column":20}},"3":{"start":{"line":33,"column":8},"end":{"line":33,"column":18}},"4":{"start":{"line":34,"column":8},"end":{"line":34,"column":22}},"5":{"start":{"line":36,"column":8},"end":{"line":36,"column":1498}},"6":{"start":{"line":40,"column":15},"end":{"line":40,"column":1711}},"7":{"start":{"line":47,"column":8},"end":{"line":47,"column":82}},"8":{"start":{"line":53,"column":8},"end":{"line":53,"column":21}}},"branchMap":{"1":{"line":36,"type":"if","locations":[{"start":{"line":36,"column":8},"end":{"line":36,"column":8}},{"start":{"line":36,"column":8},"end":{"line":36,"column":8}}]},"2":{"line":40,"type":"if","locations":[{"start":{"line":40,"column":15},"end":{"line":40,"column":15}},{"start":{"line":40,"column":15},"end":{"line":40,"column":15}}]}}},
"contracts/modules/chainlink-ace/custom/TransferValidationPolicy.sol":{"l":{"38":69,"49":33,"50":30,"51":30,"52":30,"53":37,"54":37,"64":2,"65":2,"66":2,"67":2,"68":2,"69":2,"71":2,"78":1,"85":1,"101":35,"102":35,"104":35,"106":33,"107":33,"108":33,"109":33,"111":33,"112":35,"113":35,"114":13,"115":13,"120":2,"121":2,"122":2,"124":2,"125":2,"126":2,"127":1,"128":1,"133":21},"path":"/home/ryan/Pictures/dev/CMTAT-ACE/contracts/modules/chainlink-ace/custom/TransferValidationPolicy.sol","s":{"1":33,"2":30,"3":30,"4":30,"5":37,"6":37,"7":2,"8":2,"9":2,"10":2,"11":2,"12":2,"13":1,"14":1,"15":35,"16":35,"17":35,"18":33,"19":33,"20":33,"21":33,"22":33,"23":35,"24":35,"25":13,"26":2,"27":2,"28":2,"29":2,"30":2,"31":2,"32":1,"33":21},"b":{"1":[33,0],"2":[30,3],"3":[37,0],"4":[2,1],"5":[2,0],"6":[33,2],"7":[13,22],"8":[1,1]},"f":{"1":69,"2":33,"3":2,"4":1,"5":1,"6":35},"fnMap":{"1":{"name":"_getStorage","line":37,"loc":{"start":{"line":37,"column":4},"end":{"line":41,"column":4}}},"2":{"name":"configure","line":48,"loc":{"start":{"line":48,"column":4},"end":{"line":57,"column":4}}},"3":{"name":"setRules","line":63,"loc":{"start":{"line":63,"column":4},"end":{"line":72,"column":4}}},"4":{"name":"rules","line":77,"loc":{"start":{"line":77,"column":4},"end":{"line":79,"column":4}}},"5":{"name":"rulesCount","line":84,"loc":{"start":{"line":84,"column":4},"end":{"line":86,"column":4}}},"6":{"name":"run","line":94,"loc":{"start":{"line":94,"column":4},"end":{"line":134,"column":4}}}},"statementMap":{"1":{"start":{"line":49,"column":8},"end":{"line":49,"column":2016}},"2":{"start":{"line":50,"column":12},"end":{"line":50,"column":76}},"3":{"start":{"line":51,"column":12},"end":{"line":51,"column":63}},"4":{"start":{"line":52,"column":12},"end":{"line":52,"column":2204}},"5":{"start":{"line":53,"column":16},"end":{"line":53,"column":81}},"6":{"start":{"line":54,"column":16},"end":{"line":54,"column":48}},"7":{"start":{"line":64,"column":8},"end":{"line":64,"column":59}},"8":{"start":{"line":65,"column":8},"end":{"line":65,"column":46}},"9":{"start":{"line":67,"column":8},"end":{"line":67,"column":2745}},"10":{"start":{"line":68,"column":12},"end":{"line":68,"column":83}},"11":{"start":{"line":69,"column":12},"end":{"line":69,"column":34}},"12":{"start":{"line":71,"column":8},"end":{"line":71,"column":55}},"13":{"start":{"line":78,"column":8},"end":{"line":78,"column":34}},"14":{"start":{"line":85,"column":8},"end":{"line":85,"column":41}},"15":{"start":{"line":101,"column":8},"end":{"line":101,"column":59}},"16":{"start":{"line":102,"column":8},"end":{"line":102,"column":36}},"17":{"start":{"line":104,"column":8},"end":{"line":104,"column":3910}},"18":{"start":{"line":106,"column":12},"end":{"line":106,"column":66}},"19":{"start":{"line":107,"column":12},"end":{"line":107,"column":63}},"20":{"start":{"line":108,"column":12},"end":{"line":108,"column":61}},"21":{"start":{"line":109,"column":12},"end":{"line":109,"column":65}},"22":{"start":{"line":111,"column":12},"end":{"line":111,"column":4298}},"23":{"start":{"line":112,"column":16},"end":{"line":112,"column":96}},"24":{"start":{"line":113,"column":16},"end":{"line":113,"column":4452}},"25":{"start":{"line":114,"column":20},"end":{"line":114,"column":90}},"26":{"start":{"line":120,"column":12},"end":{"line":120,"column":63}},"27":{"start":{"line":121,"column":12},"end":{"line":121,"column":61}},"28":{"start":{"line":122,"column":12},"end":{"line":122,"column":65}},"29":{"start":{"line":124,"column":12},"end":{"line":124,"column":4945}},"30":{"start":{"line":125,"column":16},"end":{"line":125,"column":83}},"31":{"start":{"line":126,"column":16},"end":{"line":126,"column":5086}},"32":{"start":{"line":127,"column":20},"end":{"line":127,"column":90}},"33":{"start":{"line":133,"column":8},"end":{"line":133,"column":50}}},"branchMap":{"1":{"line":48,"type":"if","locations":[{"start":{"line":48,"column":68},"end":{"line":48,"column":68}},{"start":{"line":48,"column":68},"end":{"line":48,"column":68}}]},"2":{"line":49,"type":"if","locations":[{"start":{"line":49,"column":8},"end":{"line":49,"column":8}},{"start":{"line":49,"column":8},"end":{"line":49,"column":8}}]},"3":{"line":53,"type":"if","locations":[{"start":{"line":53,"column":16},"end":{"line":53,"column":16}},{"start":{"line":53,"column":16},"end":{"line":53,"column":16}}]},"4":{"line":63,"type":"if","locations":[{"start":{"line":63,"column":56},"end":{"line":63,"column":56}},{"start":{"line":63,"column":56},"end":{"line":63,"column":56}}]},"5":{"line":68,"type":"if","locations":[{"start":{"line":68,"column":12},"end":{"line":68,"column":12}},{"start":{"line":68,"column":12},"end":{"line":68,"column":12}}]},"6":{"line":104,"type":"if","locations":[{"start":{"line":104,"column":8},"end":{"line":104,"column":8}},{"start":{"line":104,"column":8},"end":{"line":104,"column":8}}]},"7":{"line":113,"type":"if","locations":[{"start":{"line":113,"column":16},"end":{"line":113,"column":16}},{"start":{"line":113,"column":16},"end":{"line":113,"column":16}}]},"8":{"line":126,"type":"if","locations":[{"start":{"line":126,"column":16},"end":{"line":126,"column":16}},{"start":{"line":126,"column":16},"end":{"line":126,"column":16}}]}}},
"contracts/modules/chainlink-ace/mocks/PolicyProtectedUpgradeableMocks.sol":{"l":{"16":1,"20":0,"24":8,"28":1,"29":1,"30":1,"35":5,"45":0,"51":0,"61":0,"67":0,"81":7,"87":1,"91":1,"95":1,"101":1,"117":1,"126":3},"path":"/home/ryan/Pictures/dev/CMTAT-ACE/contracts/modules/chainlink-ace/mocks/PolicyProtectedUpgradeableMocks.sol","s":{"1":0,"2":1,"3":1,"4":0,"5":0,"6":0,"7":0,"8":7,"9":1,"10":1,"11":3},"b":{"1":[1,0],"2":[7,0],"3":[1,1],"4":[1,1],"5":[1,0],"6":[1,0]},"f":{"1":1,"2":0,"3":8,"4":1,"5":5,"6":0,"7":0,"8":0,"9":0,"10":0,"11":0,"12":0,"13":0,"14":0,"15":0,"16":0,"17":0,"18":0,"19":0,"20":7,"21":1,"22":1,"23":1,"24":1,"25":1,"26":0,"27":0,"28":0,"29":0,"30":1,"31":3},"fnMap":{"1":{"name":"setDetachShouldRevert","line":15,"loc":{"start":{"line":15,"column":4},"end":{"line":17,"column":4}}},"2":{"name":"typeAndVersion","line":19,"loc":{"start":{"line":19,"column":4},"end":{"line":21,"column":4}}},"3":{"name":"attach","line":23,"loc":{"start":{"line":23,"column":4},"end":{"line":25,"column":4}}},"4":{"name":"detach","line":27,"loc":{"start":{"line":27,"column":4},"end":{"line":32,"column":4}}},"5":{"name":"run","line":34,"loc":{"start":{"line":34,"column":4},"end":{"line":36,"column":4}}},"6":{"name":"check","line":38,"loc":{"start":{"line":38,"column":4},"end":{"line":38,"column":61}}},"7":{"name":"setExtractor","line":40,"loc":{"start":{"line":40,"column":4},"end":{"line":40,"column":67}}},"8":{"name":"setExtractors","line":42,"loc":{"start":{"line":42,"column":4},"end":{"line":42,"column":79}}},"9":{"name":"getExtractor","line":44,"loc":{"start":{"line":44,"column":4},"end":{"line":46,"column":4}}},"10":{"name":"setPolicyMapper","line":48,"loc":{"start":{"line":48,"column":4},"end":{"line":48,"column":71}}},"11":{"name":"getPolicyMapper","line":50,"loc":{"start":{"line":50,"column":4},"end":{"line":52,"column":4}}},"12":{"name":"addPolicy","line":54,"loc":{"start":{"line":54,"column":4},"end":{"line":54,"column":93}}},"13":{"name":"addPolicyAt","line":56,"loc":{"start":{"line":56,"column":4},"end":{"line":56,"column":104}}},"14":{"name":"removePolicy","line":58,"loc":{"start":{"line":58,"column":4},"end":{"line":58,"column":76}}},"15":{"name":"getPolicies","line":60,"loc":{"start":{"line":60,"column":4},"end":{"line":62,"column":4}}},"16":{"name":"setPolicyConfiguration","line":64,"loc":{"start":{"line":64,"column":4},"end":{"line":64,"column":102}}},"17":{"name":"getPolicyConfigVersion","line":66,"loc":{"start":{"line":66,"column":4},"end":{"line":68,"column":4}}},"18":{"name":"setDefaultPolicyAllow","line":70,"loc":{"start":{"line":70,"column":4},"end":{"line":70,"column":65}}},"19":{"name":"setTargetDefaultPolicyAllow","line":72,"loc":{"start":{"line":72,"column":4},"end":{"line":72,"column":80}}},"20":{"name":"initialize","line":80,"loc":{"start":{"line":80,"column":4},"end":{"line":82,"column":4}}},"21":{"name":"_authorizeAttachPolicyEngine","line":84,"loc":{"start":{"line":84,"column":4},"end":{"line":84,"column":75}}},"22":{"name":"guardedRun","line":86,"loc":{"start":{"line":86,"column":4},"end":{"line":88,"column":4}}},"23":{"name":"guardedRunWithContext","line":90,"loc":{"start":{"line":90,"column":4},"end":{"line":92,"column":4}}},"24":{"name":"guardedRunAndRevert","line":94,"loc":{"start":{"line":94,"column":4},"end":{"line":96,"column":4}}},"25":{"name":"initializeWithPolicyEngine","line":100,"loc":{"start":{"line":100,"column":4},"end":{"line":102,"column":4}}},"26":{"name":"_authorizeAttachPolicyEngine","line":104,"loc":{"start":{"line":104,"column":4},"end":{"line":104,"column":75}}},"27":{"name":"_authorizePause","line":106,"loc":{"start":{"line":106,"column":4},"end":{"line":106,"column":55}}},"28":{"name":"_authorizeDeactivate","line":108,"loc":{"start":{"line":108,"column":4},"end":{"line":108,"column":60}}},"29":{"name":"_authorizeFreeze","line":110,"loc":{"start":{"line":110,"column":4},"end":{"line":110,"column":56}}},"30":{"name":"exposedTryCheckPolicies","line":112,"loc":{"start":{"line":112,"column":4},"end":{"line":118,"column":4}}},"31":{"name":"exposedTransferred","line":120,"loc":{"start":{"line":120,"column":4},"end":{"line":127,"column":4}}}},"statementMap":{"1":{"start":{"line":20,"column":8},"end":{"line":20,"column":39}},"2":{"start":{"line":29,"column":8},"end":{"line":29,"column":987}},"3":{"start":{"line":30,"column":12},"end":{"line":30,"column":52}},"4":{"start":{"line":45,"column":8},"end":{"line":45,"column":25}},"5":{"start":{"line":51,"column":8},"end":{"line":51,"column":25}},"6":{"start":{"line":61,"column":8},"end":{"line":61,"column":31}},"7":{"start":{"line":67,"column":8},"end":{"line":67,"column":16}},"8":{"start":{"line":81,"column":8},"end":{"line":81,"column":43}},"9":{"start":{"line":101,"column":8},"end":{"line":101,"column":43}},"10":{"start":{"line":117,"column":8},"end":{"line":117,"column":56}},"11":{"start":{"line":126,"column":8},"end":{"line":126,"column":53}}},"branchMap":{"1":{"line":29,"type":"if","locations":[{"start":{"line":29,"column":8},"end":{"line":29,"column":8}},{"start":{"line":29,"column":8},"end":{"line":29,"column":8}}]},"2":{"line":80,"type":"if","locations":[{"start":{"line":80,"column":55},"end":{"line":80,"column":55}},{"start":{"line":80,"column":55},"end":{"line":80,"column":55}}]},"3":{"line":86,"type":"if","locations":[{"start":{"line":86,"column":35},"end":{"line":86,"column":35}},{"start":{"line":86,"column":35},"end":{"line":86,"column":35}}]},"4":{"line":90,"type":"if","locations":[{"start":{"line":90,"column":68},"end":{"line":90,"column":68}},{"start":{"line":90,"column":68},"end":{"line":90,"column":68}}]},"5":{"line":94,"type":"if","locations":[{"start":{"line":94,"column":44},"end":{"line":94,"column":44}},{"start":{"line":94,"column":44},"end":{"line":94,"column":44}}]},"6":{"line":100,"type":"if","locations":[{"start":{"line":100,"column":71},"end":{"line":100,"column":71}},{"start":{"line":100,"column":71},"end":{"line":100,"column":71}}]}}},
"contracts/modules/chainlink-ace/mocks/TransferRuleMocks.sol":{"l":{"21":26,"29":25,"38":23,"42":0,"51":0,"64":0,"68":0,"72":8,"88":3,"89":3,"93":14,"94":14,"95":12,"100":3,"108":12,"109":10,"110":6,"119":12,"123":0,"132":0,"145":0,"149":0,"153":6,"154":4,"155":0},"path":"/home/ryan/Pictures/dev/CMTAT-ACE/contracts/modules/chainlink-ace/mocks/TransferRuleMocks.sol","s":{"1":25,"2":23,"3":0,"4":0,"5":0,"6":0,"7":8,"8":3,"9":14,"10":12,"11":2,"12":10,"13":4,"14":6,"15":12,"16":0,"17":0,"18":0,"19":0,"20":6,"21":2,"22":4,"23":4,"24":0},"b":{"1":[8,17],"2":[8,0],"3":[3,0],"4":[3,0],"5":[2,10],"6":[4,6],"7":[0,0],"8":[2,4],"9":[4,0]},"f":{"1":26,"2":25,"3":23,"4":0,"5":0,"6":0,"7":0,"8":0,"9":0,"10":8,"11":3,"12":14,"13":3,"14":12,"15":12,"16":0,"17":0,"18":0,"19":0,"20":0,"21":0,"22":6},"fnMap":{"1":{"name":"constructor","line":20,"loc":{"start":{"line":20,"column":4},"end":{"line":22,"column":4}}},"2":{"name":"detectTransferRestriction","line":24,"loc":{"start":{"line":24,"column":4},"end":{"line":30,"column":4}}},"3":{"name":"detectTransferRestrictionFrom","line":32,"loc":{"start":{"line":32,"column":4},"end":{"line":39,"column":4}}},"4":{"name":"canTransfer","line":41,"loc":{"start":{"line":41,"column":4},"end":{"line":43,"column":4}}},"5":{"name":"canTransferFrom","line":45,"loc":{"start":{"line":45,"column":4},"end":{"line":52,"column":4}}},"6":{"name":"transferred","line":54,"loc":{"start":{"line":54,"column":4},"end":{"line":54,"column":108}}},"7":{"name":"transferred","line":56,"loc":{"start":{"line":56,"column":4},"end":{"line":61,"column":30}}},"8":{"name":"supportsInterface","line":63,"loc":{"start":{"line":63,"column":4},"end":{"line":65,"column":4}}},"9":{"name":"canReturnTransferRestrictionCode","line":67,"loc":{"start":{"line":67,"column":4},"end":{"line":69,"column":4}}},"10":{"name":"messageForTransferRestriction","line":71,"loc":{"start":{"line":71,"column":4},"end":{"line":73,"column":4}}},"11":{"name":"onlyOwner","line":87,"loc":{"start":{"line":87,"column":4},"end":{"line":90,"column":4}}},"12":{"name":"constructor","line":92,"loc":{"start":{"line":92,"column":4},"end":{"line":97,"column":4}}},"13":{"name":"setRestricted","line":99,"loc":{"start":{"line":99,"column":4},"end":{"line":101,"column":4}}},"14":{"name":"detectTransferRestriction","line":103,"loc":{"start":{"line":103,"column":4},"end":{"line":111,"column":4}}},"15":{"name":"detectTransferRestrictionFrom","line":113,"loc":{"start":{"line":113,"column":4},"end":{"line":120,"column":4}}},"16":{"name":"canTransfer","line":122,"loc":{"start":{"line":122,"column":4},"end":{"line":124,"column":4}}},"17":{"name":"canTransferFrom","line":126,"loc":{"start":{"line":126,"column":4},"end":{"line":133,"column":4}}},"18":{"name":"transferred","line":135,"loc":{"start":{"line":135,"column":4},"end":{"line":135,"column":108}}},"19":{"name":"transferred","line":137,"loc":{"start":{"line":137,"column":4},"end":{"line":142,"column":30}}},"20":{"name":"supportsInterface","line":144,"loc":{"start":{"line":144,"column":4},"end":{"line":146,"column":4}}},"21":{"name":"canReturnTransferRestrictionCode","line":148,"loc":{"start":{"line":148,"column":4},"end":{"line":150,"column":4}}},"22":{"name":"messageForTransferRestriction","line":152,"loc":{"start":{"line":152,"column":4},"end":{"line":156,"column":4}}}},"statementMap":{"1":{"start":{"line":29,"column":8},"end":{"line":29,"column":91}},"2":{"start":{"line":38,"column":8},"end":{"line":38,"column":58}},"3":{"start":{"line":42,"column":8},"end":{"line":42,"column":63}},"4":{"start":{"line":51,"column":8},"end":{"line":51,"column":44}},"5":{"start":{"line":64,"column":8},"end":{"line":64,"column":53}},"6":{"start":{"line":68,"column":8},"end":{"line":68,"column":38}},"7":{"start":{"line":72,"column":8},"end":{"line":72,"column":82}},"8":{"start":{"line":88,"column":8},"end":{"line":88,"column":49}},"9":{"start":{"line":94,"column":8},"end":{"line":94,"column":2793}},"10":{"start":{"line":108,"column":8},"end":{"line":108,"column":52}},"11":{"start":{"line":108,"column":30},"end":{"line":108,"column":52}},"12":{"start":{"line":109,"column":8},"end":{"line":109,"column":48}},"13":{"start":{"line":109,"column":28},"end":{"line":109,"column":48}},"14":{"start":{"line":110,"column":8},"end":{"line":110,"column":52}},"15":{"start":{"line":119,"column":8},"end":{"line":119,"column":58}},"16":{"start":{"line":123,"column":8},"end":{"line":123,"column":63}},"17":{"start":{"line":132,"column":8},"end":{"line":132,"column":44}},"18":{"start":{"line":145,"column":8},"end":{"line":145,"column":53}},"19":{"start":{"line":149,"column":8},"end":{"line":149,"column":63}},"20":{"start":{"line":153,"column":8},"end":{"line":153,"column":66}},"21":{"start":{"line":153,"column":37},"end":{"line":153,"column":66}},"22":{"start":{"line":154,"column":8},"end":{"line":154,"column":67}},"23":{"start":{"line":154,"column":35},"end":{"line":154,"column":67}},"24":{"start":{"line":155,"column":8},"end":{"line":155,"column":29}}},"branchMap":{"1":{"line":29,"type":"if","locations":[{"start":{"line":29,"column":36},"end":{"line":29,"column":50}},{"start":{"line":29,"column":54},"end":{"line":29,"column":90}}]},"2":{"line":72,"type":"if","locations":[{"start":{"line":72,"column":41},"end":{"line":72,"column":64}},{"start":{"line":72,"column":68},"end":{"line":72,"column":81}}]},"3":{"line":88,"type":"if","locations":[{"start":{"line":88,"column":8},"end":{"line":88,"column":8}},{"start":{"line":88,"column":8},"end":{"line":88,"column":8}}]},"4":{"line":99,"type":"if","locations":[{"start":{"line":99,"column":66},"end":{"line":99,"column":66}},{"start":{"line":99,"column":66},"end":{"line":99,"column":66}}]},"5":{"line":108,"type":"if","locations":[{"start":{"line":108,"column":8},"end":{"line":108,"column":8}},{"start":{"line":108,"column":8},"end":{"line":108,"column":8}}]},"6":{"line":109,"type":"if","locations":[{"start":{"line":109,"column":8},"end":{"line":109,"column":8}},{"start":{"line":109,"column":8},"end":{"line":109,"column":8}}]},"7":{"line":149,"type":"cond-expr","locations":[{"start":{"line":149,"column":15},"end":{"line":149,"column":37}},{"start":{"line":149,"column":42},"end":{"line":149,"column":62}}]},"8":{"line":153,"type":"if","locations":[{"start":{"line":153,"column":8},"end":{"line":153,"column":8}},{"start":{"line":153,"column":8},"end":{"line":153,"column":8}}]},"9":{"line":154,"type":"if","locations":[{"start":{"line":154,"column":8},"end":{"line":154,"column":8}},{"start":{"line":154,"column":8},"end":{"line":154,"column":8}}]}}},
"contracts/modules/chainlink-ace/modified/MintBurnExtractor.sol":{"l":{"34":4,"35":4,"37":4,"38":2,"40":1,"41":1,"43":1,"46":3,"47":3,"48":3,"49":3},"path":"/home/ryan/Pictures/dev/CMTAT-ACE/contracts/modules/chainlink-ace/modified/MintBurnExtractor.sol","s":{"1":4,"2":4,"3":4,"4":2,"5":3,"6":3},"b":{"1":[2,2],"2":[1,1],"3":[1,1]},"f":{"1":4},"fnMap":{"1":{"name":"extract","line":31,"loc":{"start":{"line":31,"column":4},"end":{"line":50,"column":4}}}},"statementMap":{"1":{"start":{"line":34,"column":8},"end":{"line":34,"column":23}},"2":{"start":{"line":35,"column":8},"end":{"line":35,"column":22}},"3":{"start":{"line":37,"column":8},"end":{"line":37,"column":1615}},"4":{"start":{"line":39,"column":15},"end":{"line":39,"column":1791}},"5":{"start":{"line":46,"column":8},"end":{"line":46,"column":82}},"6":{"start":{"line":49,"column":8},"end":{"line":49,"column":21}}},"branchMap":{"1":{"line":37,"type":"if","locations":[{"start":{"line":37,"column":8},"end":{"line":37,"column":8}},{"start":{"line":37,"column":8},"end":{"line":37,"column":8}}]},"2":{"line":37,"type":"cond-expr","locations":[{"start":{"line":37,"column":12},"end":{"line":37,"column":44}},{"start":{"line":37,"column":49},"end":{"line":37,"column":86}}]},"3":{"line":39,"type":"if","locations":[{"start":{"line":39,"column":15},"end":{"line":39,"column":15}},{"start":{"line":39,"column":15},"end":{"line":39,"column":15}}]}}},
"contracts/modules/chainlink-ace/modified/PolicyProtectedUpgradeable.sol":{"l":{"32":4374,"38":8,"39":8,"43":71,"52":703,"53":1,"55":702,"56":702,"59":612,"60":593,"61":1,"70":2,"71":1,"73":1,"76":1,"83":7,"84":4,"88":75,"89":74,"90":4,"93":1,"96":74,"97":74,"98":74,"103":1054,"108":3,"113":1752,"118":4,"127":11},"path":"/home/ryan/Pictures/dev/CMTAT-ACE/contracts/modules/chainlink-ace/modified/PolicyProtectedUpgradeable.sol","s":{"1":8,"2":8,"3":71,"4":703,"5":702,"6":702,"7":593,"8":1,"9":2,"10":1,"11":7,"12":4,"13":75,"14":74,"15":4,"16":1,"17":74,"18":74,"19":1054,"20":1752,"21":11},"b":{"1":[8,0],"2":[71,0],"3":[1,702],"4":[1,592],"5":[1,1],"6":[74,1],"7":[4,70],"8":[4,0]},"f":{"1":4374,"2":8,"3":71,"4":703,"5":2,"6":7,"7":75,"8":1054,"9":3,"10":1752,"11":4,"12":11},"fnMap":{"1":{"name":"_policyProtectedStorage","line":30,"loc":{"start":{"line":30,"column":4},"end":{"line":35,"column":4}}},"2":{"name":"__PolicyProtected_init","line":37,"loc":{"start":{"line":37,"column":4},"end":{"line":40,"column":4}}},"3":{"name":"__PolicyProtected_init_unchained","line":42,"loc":{"start":{"line":42,"column":4},"end":{"line":44,"column":4}}},"4":{"name":"runPolicy","line":51,"loc":{"start":{"line":51,"column":4},"end":{"line":63,"column":4}}},"5":{"name":"runPolicyWithContext","line":69,"loc":{"start":{"line":69,"column":4},"end":{"line":77,"column":4}}},"6":{"name":"attachPolicyEngine","line":82,"loc":{"start":{"line":82,"column":4},"end":{"line":85,"column":4}}},"7":{"name":"_attachPolicyEngine","line":87,"loc":{"start":{"line":87,"column":4},"end":{"line":99,"column":4}}},"8":{"name":"getPolicyEngine","line":102,"loc":{"start":{"line":102,"column":4},"end":{"line":104,"column":4}}},"9":{"name":"setContext","line":107,"loc":{"start":{"line":107,"column":4},"end":{"line":109,"column":4}}},"10":{"name":"getContext","line":112,"loc":{"start":{"line":112,"column":4},"end":{"line":114,"column":4}}},"11":{"name":"clearContext","line":117,"loc":{"start":{"line":117,"column":4},"end":{"line":119,"column":4}}},"12":{"name":"supportsInterface","line":124,"loc":{"start":{"line":124,"column":4},"end":{"line":128,"column":4}}}},"statementMap":{"1":{"start":{"line":38,"column":8},"end":{"line":38,"column":22}},"2":{"start":{"line":39,"column":8},"end":{"line":39,"column":53}},"3":{"start":{"line":43,"column":8},"end":{"line":43,"column":40}},"4":{"start":{"line":52,"column":8},"end":{"line":52,"column":2588}},"5":{"start":{"line":55,"column":8},"end":{"line":55,"column":43}},"6":{"start":{"line":56,"column":8},"end":{"line":56,"column":2778}},"7":{"start":{"line":60,"column":8},"end":{"line":60,"column":2965}},"8":{"start":{"line":61,"column":12},"end":{"line":61,"column":25}},"9":{"start":{"line":70,"column":8},"end":{"line":70,"column":3303}},"10":{"start":{"line":73,"column":8},"end":{"line":73,"column":3448}},"11":{"start":{"line":83,"column":8},"end":{"line":83,"column":49}},"12":{"start":{"line":84,"column":8},"end":{"line":84,"column":40}},"13":{"start":{"line":88,"column":8},"end":{"line":88,"column":75}},"14":{"start":{"line":89,"column":8},"end":{"line":89,"column":4090}},"15":{"start":{"line":90,"column":12},"end":{"line":90,"column":4175}},"16":{"start":{"line":93,"column":16},"end":{"line":93,"column":102}},"17":{"start":{"line":97,"column":8},"end":{"line":97,"column":43}},"18":{"start":{"line":98,"column":8},"end":{"line":98,"column":47}},"19":{"start":{"line":103,"column":8},"end":{"line":103,"column":62}},"20":{"start":{"line":113,"column":8},"end":{"line":113,"column":66}},"21":{"start":{"line":127,"column":8},"end":{"line":127,"column":104}}},"branchMap":{"1":{"line":37,"type":"if","locations":[{"start":{"line":37,"column":67},"end":{"line":37,"column":67}},{"start":{"line":37,"column":67},"end":{"line":37,"column":67}}]},"2":{"line":42,"type":"if","locations":[{"start":{"line":42,"column":77},"end":{"line":42,"column":77}},{"start":{"line":42,"column":77},"end":{"line":42,"column":77}}]},"3":{"line":52,"type":"if","locations":[{"start":{"line":52,"column":8},"end":{"line":52,"column":8}},{"start":{"line":52,"column":8},"end":{"line":52,"column":8}}]},"4":{"line":60,"type":"if","locations":[{"start":{"line":60,"column":8},"end":{"line":60,"column":8}},{"start":{"line":60,"column":8},"end":{"line":60,"column":8}}]},"5":{"line":70,"type":"if","locations":[{"start":{"line":70,"column":8},"end":{"line":70,"column":8}},{"start":{"line":70,"column":8},"end":{"line":70,"column":8}}]},"6":{"line":88,"type":"if","locations":[{"start":{"line":88,"column":8},"end":{"line":88,"column":8}},{"start":{"line":88,"column":8},"end":{"line":88,"column":8}}]},"7":{"line":89,"type":"if","locations":[{"start":{"line":89,"column":8},"end":{"line":89,"column":8}},{"start":{"line":89,"column":8},"end":{"line":89,"column":8}}]},"8":{"line":127,"type":"cond-expr","locations":[{"start":{"line":127,"column":15},"end":{"line":127,"column":63}},{"start":{"line":127,"column":68},"end":{"line":127,"column":103}}]}}},
"contracts/modules/demo/DemoImports.sol":{"l":{},"path":"/home/ryan/Pictures/dev/CMTAT-ACE/contracts/modules/demo/DemoImports.sol","s":{},"b":{},"f":{},"fnMap":{},"statementMap":{},"branchMap":{}},
"contracts/modules/lite/CCTCMTATBaseERC1404.sol":{"l":{"31":10,"35":1,"37":9,"49":233,"61":35,"72":8,"73":8,"74":1,"75":1,"76":1,"79":7,"85":6},"path":"/home/ryan/Pictures/dev/CMTAT-ACE/contracts/modules/lite/CCTCMTATBaseERC1404.sol","s":{"1":10,"2":1,"3":9,"4":233,"5":35,"6":8,"7":8,"8":1,"9":1,"10":1,"11":7,"12":6},"b":{"1":[1,9],"2":[1,7],"3":[1,0]},"f":{"1":10,"2":233,"3":35,"4":8,"5":6},"fnMap":{"1":{"name":"messageForTransferRestriction","line":28,"loc":{"start":{"line":28,"column":4},"end":{"line":39,"column":4}}},"2":{"name":"canTransfer","line":44,"loc":{"start":{"line":44,"column":4},"end":{"line":50,"column":4}}},"3":{"name":"canTransferFrom","line":55,"loc":{"start":{"line":55,"column":4},"end":{"line":62,"column":4}}},"4":{"name":"_detectTransferRestriction","line":67,"loc":{"start":{"line":67,"column":4},"end":{"line":80,"column":4}}},"5":{"name":"supportsInterface","line":82,"loc":{"start":{"line":82,"column":4},"end":{"line":86,"column":4}}}},"statementMap":{"1":{"start":{"line":31,"column":8},"end":{"line":31,"column":1405}},"2":{"start":{"line":35,"column":12},"end":{"line":35,"column":74}},"3":{"start":{"line":37,"column":12},"end":{"line":37,"column":95}},"4":{"start":{"line":49,"column":8},"end":{"line":49,"column":68}},"5":{"start":{"line":61,"column":8},"end":{"line":61,"column":81}},"6":{"start":{"line":72,"column":8},"end":{"line":72,"column":80}},"7":{"start":{"line":73,"column":8},"end":{"line":73,"column":2947}},"8":{"start":{"line":74,"column":12},"end":{"line":74,"column":88}},"9":{"start":{"line":75,"column":12},"end":{"line":75,"column":3082}},"10":{"start":{"line":76,"column":16},"end":{"line":76,"column":114}},"11":{"start":{"line":79,"column":8},"end":{"line":79,"column":88}},"12":{"start":{"line":85,"column":8},"end":{"line":85,"column":70}}},"branchMap":{"1":{"line":31,"type":"if","locations":[{"start":{"line":31,"column":8},"end":{"line":31,"column":8}},{"start":{"line":31,"column":8},"end":{"line":31,"column":8}}]},"2":{"line":73,"type":"if","locations":[{"start":{"line":73,"column":8},"end":{"line":73,"column":8}},{"start":{"line":73,"column":8},"end":{"line":73,"column":8}}]},"3":{"line":75,"type":"if","locations":[{"start":{"line":75,"column":12},"end":{"line":75,"column":12}},{"start":{"line":75,"column":12},"end":{"line":75,"column":12}}]}}},
"contracts/modules/lite/CCTCMTATBaseERC20CrossChain.sol":{"l":{"29":119,"35":81,"45":29,"54":731,"55":716,"65":144,"66":120,"77":27,"78":18,"85":3,"92":10,"99":10,"106":12,"132":39,"167":939},"path":"/home/ryan/Pictures/dev/CMTAT-ACE/contracts/modules/lite/CCTCMTATBaseERC20CrossChain.sol","s":{"1":119,"2":81,"3":29,"4":731,"5":716,"6":144,"7":120,"8":27,"9":18,"10":3,"11":10,"12":10,"13":12,"14":39,"15":939},"b":{"1":[119,3],"2":[6,3],"3":[9,3],"4":[39,12],"5":[15,3],"6":[9,6],"7":[18,6],"8":[12,6]},"f":{"1":119,"2":81,"3":29,"4":731,"5":144,"6":27,"7":3,"8":10,"9":10,"10":12,"11":9,"12":39,"13":9,"14":12,"15":939},"fnMap":{"1":{"name":"approve","line":28,"loc":{"start":{"line":25,"column":4},"end":{"line":30,"column":4}}},"2":{"name":"transfer","line":31,"loc":{"start":{"line":31,"column":4},"end":{"line":36,"column":4}}},"3":{"name":"transferFrom","line":40,"loc":{"start":{"line":40,"column":4},"end":{"line":46,"column":4}}},"4":{"name":"_mintOverride","line":50,"loc":{"start":{"line":50,"column":4},"end":{"line":56,"column":4}}},"5":{"name":"_burnOverride","line":61,"loc":{"start":{"line":61,"column":4},"end":{"line":67,"column":4}}},"6":{"name":"_minterTransferOverride","line":72,"loc":{"start":{"line":72,"column":4},"end":{"line":79,"column":4}}},"7":{"name":"decimals","line":84,"loc":{"start":{"line":84,"column":4},"end":{"line":86,"column":4}}},"8":{"name":"name","line":91,"loc":{"start":{"line":91,"column":4},"end":{"line":93,"column":4}}},"9":{"name":"symbol","line":98,"loc":{"start":{"line":98,"column":4},"end":{"line":100,"column":4}}},"10":{"name":"supportsInterface","line":103,"loc":{"start":{"line":103,"column":4},"end":{"line":109,"column":4}}},"11":{"name":"_authorizeCCIPSetAdmin","line":120,"loc":{"start":{"line":120,"column":4},"end":{"line":120,"column":106}}},"12":{"name":"_checkTokenBridge","line":131,"loc":{"start":{"line":131,"column":4},"end":{"line":133,"column":4}}},"13":{"name":"_authorizeBurnFrom","line":145,"loc":{"start":{"line":140,"column":4},"end":{"line":146,"column":5}}},"14":{"name":"_authorizeSelfBurn","line":158,"loc":{"start":{"line":153,"column":4},"end":{"line":159,"column":5}}},"15":{"name":"_update","line":162,"loc":{"start":{"line":162,"column":4},"end":{"line":168,"column":4}}}},"statementMap":{"1":{"start":{"line":29,"column":8},"end":{"line":29,"column":55}},"2":{"start":{"line":35,"column":8},"end":{"line":35,"column":50}},"3":{"start":{"line":45,"column":8},"end":{"line":45,"column":60}},"4":{"start":{"line":54,"column":8},"end":{"line":54,"column":64}},"5":{"start":{"line":55,"column":8},"end":{"line":55,"column":60}},"6":{"start":{"line":65,"column":8},"end":{"line":65,"column":64}},"7":{"start":{"line":66,"column":8},"end":{"line":66,"column":60}},"8":{"start":{"line":77,"column":8},"end":{"line":77,"column":53}},"9":{"start":{"line":78,"column":8},"end":{"line":78,"column":71}},"10":{"start":{"line":85,"column":8},"end":{"line":85,"column":41}},"11":{"start":{"line":92,"column":8},"end":{"line":92,"column":37}},"12":{"start":{"line":99,"column":8},"end":{"line":99,"column":39}},"13":{"start":{"line":106,"column":8},"end":{"line":106,"column":3715}},"14":{"start":{"line":132,"column":8},"end":{"line":132,"column":68}},"15":{"start":{"line":167,"column":8},"end":{"line":167,"column":56}}},"branchMap":{"1":{"line":28,"type":"if","locations":[{"start":{"line":28,"column":48},"end":{"line":28,"column":48}},{"start":{"line":28,"column":48},"end":{"line":28,"column":48}}]},"2":{"line":107,"type":"cond-expr","locations":[{"start":{"line":107,"column":12},"end":{"line":107,"column":64}},{"start":{"line":108,"column":12},"end":{"line":108,"column":62}}]},"3":{"line":120,"type":"if","locations":[{"start":{"line":120,"column":76},"end":{"line":120,"column":76}},{"start":{"line":120,"column":76},"end":{"line":120,"column":76}}]},"4":{"line":131,"type":"if","locations":[{"start":{"line":131,"column":96},"end":{"line":131,"column":96}},{"start":{"line":131,"column":96},"end":{"line":131,"column":96}}]},"5":{"line":144,"type":"if","locations":[{"start":{"line":144,"column":8},"end":{"line":144,"column":8}},{"start":{"line":144,"column":8},"end":{"line":144,"column":8}}]},"6":{"line":145,"type":"if","locations":[{"start":{"line":145,"column":8},"end":{"line":145,"column":8}},{"start":{"line":145,"column":8},"end":{"line":145,"column":8}}]},"7":{"line":157,"type":"if","locations":[{"start":{"line":157,"column":8},"end":{"line":157,"column":8}},{"start":{"line":157,"column":8},"end":{"line":157,"column":8}}]},"8":{"line":158,"type":"if","locations":[{"start":{"line":158,"column":8},"end":{"line":158,"column":8}},{"start":{"line":158,"column":8},"end":{"line":158,"column":8}}]}}},
"contracts/modules/lite/CCTCMTATBasePolicyEngine.sol":{"l":{"51":51,"72":51,"95":51,"98":51,"101":51,"104":51,"107":51,"108":51,"111":51,"121":51,"132":0,"146":233,"147":233,"148":88,"150":145,"163":35,"164":35,"165":12,"167":23,"189":1012,"190":994,"199":6},"path":"/home/ryan/Pictures/dev/CMTAT-ACE/contracts/modules/lite/CCTCMTATBasePolicyEngine.sol","s":{"1":51,"2":51,"3":51,"4":51,"5":51,"6":51,"7":51,"8":51,"9":51,"10":51,"11":0,"12":233,"13":233,"14":88,"15":145,"16":35,"17":35,"18":12,"19":23,"20":1012,"21":994,"22":6},"b":{"1":[51,2],"2":[51,0],"3":[51,0],"4":[51,0],"5":[0,0],"6":[88,145],"7":[12,23],"8":[0,0],"9":[99,6],"10":[37,3],"11":[78,9],"12":[918,76],"13":[3,0]},"f":{"1":51,"2":51,"3":51,"4":51,"5":0,"6":233,"7":35,"8":0,"9":99,"10":37,"11":78,"12":1012,"13":6},"fnMap":{"1":{"name":"initialize","line":50,"loc":{"start":{"line":43,"column":4},"end":{"line":59,"column":4}}},"2":{"name":"_initialize","line":71,"loc":{"start":{"line":64,"column":4},"end":{"line":80,"column":4}}},"3":{"name":"__CMTAT_init","line":92,"loc":{"start":{"line":85,"column":4},"end":{"line":112,"column":4}}},"4":{"name":"__CMTAT_openzeppelin_init_unchained","line":119,"loc":{"start":{"line":117,"column":4},"end":{"line":122,"column":4}}},"5":{"name":"__CMTAT_modules_init_unchained","line":131,"loc":{"start":{"line":127,"column":4},"end":{"line":133,"column":4}}},"6":{"name":"canTransfer","line":141,"loc":{"start":{"line":141,"column":4},"end":{"line":152,"column":4}}},"7":{"name":"canTransferFrom","line":157,"loc":{"start":{"line":157,"column":4},"end":{"line":169,"column":4}}},"8":{"name":"_authorizeAttachPolicyEngine","line":171,"loc":{"start":{"line":171,"column":4},"end":{"line":171,"column":107}}},"9":{"name":"_authorizePause","line":177,"loc":{"start":{"line":177,"column":4},"end":{"line":177,"column":93}}},"10":{"name":"_authorizeDeactivate","line":178,"loc":{"start":{"line":178,"column":4},"end":{"line":178,"column":105}}},"11":{"name":"_authorizeFreeze","line":180,"loc":{"start":{"line":180,"column":4},"end":{"line":180,"column":102}}},"12":{"name":"_checkTransferred","line":183,"loc":{"start":{"line":183,"column":4},"end":{"line":194,"column":4}}},"13":{"name":"supportsInterface","line":196,"loc":{"start":{"line":196,"column":4},"end":{"line":202,"column":4}}}},"statementMap":{"1":{"start":{"line":51,"column":8},"end":{"line":51,"column":2292}},"2":{"start":{"line":72,"column":8},"end":{"line":72,"column":2920}},"3":{"start":{"line":95,"column":8},"end":{"line":95,"column":33}},"4":{"start":{"line":98,"column":8},"end":{"line":98,"column":32}},"5":{"start":{"line":101,"column":8},"end":{"line":101,"column":60}},"6":{"start":{"line":104,"column":8},"end":{"line":104,"column":97}},"7":{"start":{"line":107,"column":8},"end":{"line":107,"column":61}},"8":{"start":{"line":108,"column":8},"end":{"line":108,"column":61}},"9":{"start":{"line":111,"column":8},"end":{"line":111,"column":54}},"10":{"start":{"line":121,"column":8},"end":{"line":121,"column":77}},"11":{"start":{"line":132,"column":8},"end":{"line":132,"column":97}},"12":{"start":{"line":146,"column":8},"end":{"line":146,"column":90}},"13":{"start":{"line":147,"column":8},"end":{"line":147,"column":5646}},"14":{"start":{"line":148,"column":12},"end":{"line":148,"column":24}},"15":{"start":{"line":150,"column":12},"end":{"line":150,"column":76}},"16":{"start":{"line":163,"column":8},"end":{"line":163,"column":90}},"17":{"start":{"line":164,"column":8},"end":{"line":164,"column":6165}},"18":{"start":{"line":165,"column":12},"end":{"line":165,"column":24}},"19":{"start":{"line":167,"column":12},"end":{"line":167,"column":89}},"20":{"start":{"line":189,"column":8},"end":{"line":189,"column":66}},"21":{"start":{"line":190,"column":8},"end":{"line":190,"column":7278}},"22":{"start":{"line":199,"column":8},"end":{"line":199,"column":7669}}},"branchMap":{"1":{"line":50,"type":"if","locations":[{"start":{"line":50,"column":21},"end":{"line":50,"column":21}},{"start":{"line":50,"column":21},"end":{"line":50,"column":21}}]},"2":{"line":71,"type":"if","locations":[{"start":{"line":71,"column":23},"end":{"line":71,"column":23}},{"start":{"line":71,"column":23},"end":{"line":71,"column":23}}]},"3":{"line":92,"type":"if","locations":[{"start":{"line":92,"column":23},"end":{"line":92,"column":23}},{"start":{"line":92,"column":23},"end":{"line":92,"column":23}}]},"4":{"line":119,"type":"if","locations":[{"start":{"line":119,"column":23},"end":{"line":119,"column":23}},{"start":{"line":119,"column":23},"end":{"line":119,"column":23}}]},"5":{"line":131,"type":"if","locations":[{"start":{"line":131,"column":23},"end":{"line":131,"column":23}},{"start":{"line":131,"column":23},"end":{"line":131,"column":23}}]},"6":{"line":147,"type":"if","locations":[{"start":{"line":147,"column":8},"end":{"line":147,"column":8}},{"start":{"line":147,"column":8},"end":{"line":147,"column":8}}]},"7":{"line":164,"type":"if","locations":[{"start":{"line":164,"column":8},"end":{"line":164,"column":8}},{"start":{"line":164,"column":8},"end":{"line":164,"column":8}}]},"8":{"line":171,"type":"if","locations":[{"start":{"line":171,"column":77},"end":{"line":171,"column":77}},{"start":{"line":171,"column":77},"end":{"line":171,"column":77}}]},"9":{"line":177,"type":"if","locations":[{"start":{"line":177,"column":70},"end":{"line":177,"column":70}},{"start":{"line":177,"column":70},"end":{"line":177,"column":70}}]},"10":{"line":178,"type":"if","locations":[{"start":{"line":178,"column":75},"end":{"line":178,"column":75}},{"start":{"line":178,"column":75},"end":{"line":178,"column":75}}]},"11":{"line":180,"type":"if","locations":[{"start":{"line":180,"column":77},"end":{"line":180,"column":77}},{"start":{"line":180,"column":77},"end":{"line":180,"column":77}}]},"12":{"line":190,"type":"if","locations":[{"start":{"line":190,"column":8},"end":{"line":190,"column":8}},{"start":{"line":190,"column":8},"end":{"line":190,"column":8}}]},"13":{"line":200,"type":"cond-expr","locations":[{"start":{"line":200,"column":12},"end":{"line":200,"column":64}},{"start":{"line":201,"column":12},"end":{"line":201,"column":68}}]}}},
"contracts/modules/lite/PolicyValidationModuleERC1404.sol":{"l":{"45":9,"46":2,"48":1,"50":1,"52":1,"54":2,"56":1,"58":1,"75":6,"76":6,"77":5,"79":1,"89":3,"90":1,"92":2,"93":2,"94":1,"96":1,"113":7,"114":1,"116":1,"118":1,"120":2,"122":2},"path":"/home/ryan/Pictures/dev/CMTAT-ACE/contracts/modules/lite/PolicyValidationModuleERC1404.sol","s":{"1":9,"2":2,"3":7,"4":1,"5":6,"6":1,"7":5,"8":1,"9":4,"10":2,"11":2,"12":1,"13":1,"14":6,"15":6,"16":5,"17":1,"18":3,"19":1,"20":2,"21":2,"22":1,"23":1,"24":7,"25":1,"26":6,"27":1,"28":5,"29":1,"30":4,"31":2,"32":2},"b":{"1":[2,7],"2":[1,6],"3":[1,5],"4":[1,4],"5":[2,2],"6":[1,1],"7":[5,1],"8":[1,2],"9":[1,1],"10":[1,6],"11":[1,5],"12":[1,4],"13":[2,2]},"f":{"1":9,"2":6,"3":3,"4":7},"fnMap":{"1":{"name":"messageForTransferRestriction","line":42,"loc":{"start":{"line":42,"column":4},"end":{"line":60,"column":4}}},"2":{"name":"detectTransferRestriction","line":70,"loc":{"start":{"line":70,"column":4},"end":{"line":81,"column":4}}},"3":{"name":"detectTransferRestrictionFrom","line":83,"loc":{"start":{"line":83,"column":4},"end":{"line":99,"column":4}}},"4":{"name":"_detectTransferRestriction","line":108,"loc":{"start":{"line":108,"column":4},"end":{"line":124,"column":4}}}},"statementMap":{"1":{"start":{"line":45,"column":8},"end":{"line":45,"column":1876}},"2":{"start":{"line":46,"column":12},"end":{"line":46,"column":35}},"3":{"start":{"line":47,"column":15},"end":{"line":47,"column":2007}},"4":{"start":{"line":48,"column":12},"end":{"line":48,"column":48}},"5":{"start":{"line":49,"column":15},"end":{"line":49,"column":2164}},"6":{"start":{"line":50,"column":12},"end":{"line":50,"column":53}},"7":{"start":{"line":51,"column":15},"end":{"line":51,"column":2331}},"8":{"start":{"line":52,"column":12},"end":{"line":52,"column":53}},"9":{"start":{"line":53,"column":15},"end":{"line":53,"column":2498}},"10":{"start":{"line":54,"column":12},"end":{"line":54,"column":51}},"11":{"start":{"line":55,"column":15},"end":{"line":55,"column":2661}},"12":{"start":{"line":56,"column":12},"end":{"line":56,"column":56}},"13":{"start":{"line":58,"column":12},"end":{"line":58,"column":36}},"14":{"start":{"line":75,"column":8},"end":{"line":75,"column":70}},"15":{"start":{"line":76,"column":8},"end":{"line":76,"column":3513}},"16":{"start":{"line":77,"column":12},"end":{"line":77,"column":29}},"17":{"start":{"line":79,"column":12},"end":{"line":79,"column":71}},"18":{"start":{"line":89,"column":8},"end":{"line":89,"column":3940}},"19":{"start":{"line":90,"column":12},"end":{"line":90,"column":92}},"20":{"start":{"line":92,"column":12},"end":{"line":92,"column":74}},"21":{"start":{"line":93,"column":12},"end":{"line":93,"column":4168}},"22":{"start":{"line":94,"column":16},"end":{"line":94,"column":33}},"23":{"start":{"line":96,"column":16},"end":{"line":96,"column":75}},"24":{"start":{"line":113,"column":8},"end":{"line":113,"column":4844}},"25":{"start":{"line":114,"column":12},"end":{"line":114,"column":89}},"26":{"start":{"line":115,"column":15},"end":{"line":115,"column":4971}},"27":{"start":{"line":116,"column":12},"end":{"line":116,"column":84}},"28":{"start":{"line":117,"column":15},"end":{"line":117,"column":5088}},"29":{"start":{"line":118,"column":12},"end":{"line":118,"column":89}},"30":{"start":{"line":119,"column":15},"end":{"line":119,"column":5216}},"31":{"start":{"line":120,"column":12},"end":{"line":120,"column":87}},"32":{"start":{"line":122,"column":12},"end":{"line":122,"column":71}}},"branchMap":{"1":{"line":45,"type":"if","locations":[{"start":{"line":45,"column":8},"end":{"line":45,"column":8}},{"start":{"line":45,"column":8},"end":{"line":45,"column":8}}]},"2":{"line":47,"type":"if","locations":[{"start":{"line":47,"column":15},"end":{"line":47,"column":15}},{"start":{"line":47,"column":15},"end":{"line":47,"column":15}}]},"3":{"line":49,"type":"if","locations":[{"start":{"line":49,"column":15},"end":{"line":49,"column":15}},{"start":{"line":49,"column":15},"end":{"line":49,"column":15}}]},"4":{"line":51,"type":"if","locations":[{"start":{"line":51,"column":15},"end":{"line":51,"column":15}},{"start":{"line":51,"column":15},"end":{"line":51,"column":15}}]},"5":{"line":53,"type":"if","locations":[{"start":{"line":53,"column":15},"end":{"line":53,"column":15}},{"start":{"line":53,"column":15},"end":{"line":53,"column":15}}]},"6":{"line":55,"type":"if","locations":[{"start":{"line":55,"column":15},"end":{"line":55,"column":15}},{"start":{"line":55,"column":15},"end":{"line":55,"column":15}}]},"7":{"line":76,"type":"if","locations":[{"start":{"line":76,"column":8},"end":{"line":76,"column":8}},{"start":{"line":76,"column":8},"end":{"line":76,"column":8}}]},"8":{"line":89,"type":"if","locations":[{"start":{"line":89,"column":8},"end":{"line":89,"column":8}},{"start":{"line":89,"column":8},"end":{"line":89,"column":8}}]},"9":{"line":93,"type":"if","locations":[{"start":{"line":93,"column":12},"end":{"line":93,"column":12}},{"start":{"line":93,"column":12},"end":{"line":93,"column":12}}]},"10":{"line":113,"type":"if","locations":[{"start":{"line":113,"column":8},"end":{"line":113,"column":8}},{"start":{"line":113,"column":8},"end":{"line":113,"column":8}}]},"11":{"line":115,"type":"if","locations":[{"start":{"line":115,"column":15},"end":{"line":115,"column":15}},{"start":{"line":115,"column":15},"end":{"line":115,"column":15}}]},"12":{"line":117,"type":"if","locations":[{"start":{"line":117,"column":15},"end":{"line":117,"column":15}},{"start":{"line":117,"column":15},"end":{"line":117,"column":15}}]},"13":{"line":119,"type":"if","locations":[{"start":{"line":119,"column":15},"end":{"line":119,"column":15}},{"start":{"line":119,"column":15},"end":{"line":119,"column":15}}]}}},
"contracts/modules/lite/ValidationModulePolicyEngine.sol":{"l":{"25":145,"38":23,"46":145,"47":39,"49":106,"59":23,"60":12,"62":11,"72":11,"80":106,"84":118,"85":118,"86":117,"87":117,"92":111,"94":6,"97":1,"108":997,"109":928,"110":928,"111":927,"112":927,"115":920,"116":2,"119":921},"path":"/home/ryan/Pictures/dev/CMTAT-ACE/contracts/modules/lite/ValidationModulePolicyEngine.sol","s":{"1":145,"2":23,"3":145,"4":39,"5":106,"6":23,"7":12,"8":11,"9":11,"10":106,"11":118,"12":118,"13":117,"14":117,"15":111,"16":6,"17":1,"18":997,"19":928,"20":928,"21":927,"22":927,"23":920,"24":2,"25":921},"b":{"1":[39,106],"2":[12,11],"3":[117,1],"4":[927,1],"5":[2,918]},"f":{"1":145,"2":23,"3":145,"4":23,"5":11,"6":106,"7":118,"8":997},"fnMap":{"1":{"name":"canTransfer","line":20,"loc":{"start":{"line":20,"column":4},"end":{"line":26,"column":4}}},"2":{"name":"canTransferFrom","line":32,"loc":{"start":{"line":32,"column":4},"end":{"line":39,"column":4}}},"3":{"name":"_canTransfer","line":45,"loc":{"start":{"line":45,"column":4},"end":{"line":51,"column":4}}},"4":{"name":"_canTransferFrom","line":53,"loc":{"start":{"line":53,"column":4},"end":{"line":64,"column":4}}},"5":{"name":"_canTransferFromWithPolicyEngine","line":66,"loc":{"start":{"line":66,"column":4},"end":{"line":73,"column":4}}},"6":{"name":"_canTransferWithPolicyEngine","line":75,"loc":{"start":{"line":75,"column":4},"end":{"line":81,"column":4}}},"7":{"name":"_tryCheckPolicies","line":83,"loc":{"start":{"line":83,"column":4},"end":{"line":99,"column":4}}},"8":{"name":"_transferred","line":102,"loc":{"start":{"line":102,"column":4},"end":{"line":120,"column":4}}}},"statementMap":{"1":{"start":{"line":25,"column":8},"end":{"line":25,"column":44}},"2":{"start":{"line":38,"column":8},"end":{"line":38,"column":57}},"3":{"start":{"line":46,"column":8},"end":{"line":46,"column":1793}},"4":{"start":{"line":47,"column":12},"end":{"line":47,"column":24}},"5":{"start":{"line":49,"column":12},"end":{"line":49,"column":64}},"6":{"start":{"line":59,"column":8},"end":{"line":59,"column":2150}},"7":{"start":{"line":60,"column":12},"end":{"line":60,"column":24}},"8":{"start":{"line":62,"column":12},"end":{"line":62,"column":77}},"9":{"start":{"line":72,"column":8},"end":{"line":72,"column":100}},"10":{"start":{"line":80,"column":8},"end":{"line":80,"column":87}},"11":{"start":{"line":84,"column":8},"end":{"line":84,"column":70}},"12":{"start":{"line":85,"column":8},"end":{"line":85,"column":3092}},"13":{"start":{"line":86,"column":12},"end":{"line":86,"column":47}},"14":{"start":{"line":87,"column":12},"end":{"line":87,"column":3201}},"15":{"start":{"line":92,"column":16},"end":{"line":92,"column":27}},"16":{"start":{"line":94,"column":16},"end":{"line":94,"column":28}},"17":{"start":{"line":97,"column":12},"end":{"line":97,"column":23}},"18":{"start":{"line":108,"column":8},"end":{"line":108,"column":62}},"19":{"start":{"line":109,"column":8},"end":{"line":109,"column":70}},"20":{"start":{"line":110,"column":8},"end":{"line":110,"column":3893}},"21":{"start":{"line":111,"column":12},"end":{"line":111,"column":47}},"22":{"start":{"line":112,"column":12},"end":{"line":112,"column":4002}},"23":{"start":{"line":115,"column":12},"end":{"line":115,"column":4167}},"24":{"start":{"line":116,"column":16},"end":{"line":116,"column":29}},"25":{"start":{"line":119,"column":8},"end":{"line":119,"column":19}}},"branchMap":{"1":{"line":46,"type":"if","locations":[{"start":{"line":46,"column":8},"end":{"line":46,"column":8}},{"start":{"line":46,"column":8},"end":{"line":46,"column":8}}]},"2":{"line":59,"type":"if","locations":[{"start":{"line":59,"column":8},"end":{"line":59,"column":8}},{"start":{"line":59,"column":8},"end":{"line":59,"column":8}}]},"3":{"line":85,"type":"if","locations":[{"start":{"line":85,"column":8},"end":{"line":85,"column":8}},{"start":{"line":85,"column":8},"end":{"line":85,"column":8}}]},"4":{"line":110,"type":"if","locations":[{"start":{"line":110,"column":8},"end":{"line":110,"column":8}},{"start":{"line":110,"column":8},"end":{"line":110,"column":8}}]},"5":{"line":115,"type":"if","locations":[{"start":{"line":115,"column":12},"end":{"line":115,"column":12}},{"start":{"line":115,"column":12},"end":{"line":115,"column":12}}]}}},
"contracts/modules/standard/CCTCommon.sol":{"l":{"57":12,"75":12,"96":12,"99":12,"102":12,"105":12,"107":12,"110":12,"113":12,"114":12,"124":12,"134":12,"142":12,"148":12,"163":48,"173":12,"184":9,"191":13,"198":10,"204":9,"217":376,"227":48,"238":0,"328":478},"path":"/home/ryan/Pictures/dev/CMTAT-ACE/contracts/modules/standard/CCTCommon.sol","s":{"1":12,"2":12,"3":12,"4":12,"5":12,"6":12,"7":12,"8":12,"9":12,"10":12,"11":12,"12":12,"13":12,"14":12,"15":48,"16":12,"17":9,"18":13,"19":10,"20":9,"21":376,"22":48,"23":0,"24":478},"b":{"1":[12,2],"2":[12,0],"3":[12,0],"4":[12,0],"5":[12,0],"6":[12,0],"7":[48,0],"8":[12,0],"9":[3,3],"10":[3,3],"11":[3,3],"12":[352,24],"13":[33,15],"14":[63,3],"15":[3,3],"16":[48,12],"17":[12,12],"18":[12,3],"19":[3,3],"20":[15,6],"21":[3,3],"22":[3,3]},"f":{"1":12,"2":12,"3":12,"4":12,"5":12,"6":12,"7":48,"8":12,"9":3,"10":9,"11":13,"12":10,"13":9,"14":376,"15":48,"16":0,"17":3,"18":352,"19":33,"20":63,"21":3,"22":48,"23":12,"24":12,"25":3,"26":15,"27":3,"28":3,"29":478},"fnMap":{"1":{"name":"initialize","line":56,"loc":{"start":{"line":49,"column":4},"end":{"line":65,"column":4}}},"2":{"name":"_initialize","line":74,"loc":{"start":{"line":67,"column":4},"end":{"line":83,"column":4}}},"3":{"name":"__CMTAT_init","line":95,"loc":{"start":{"line":88,"column":4},"end":{"line":115,"column":4}}},"4":{"name":"__CMTAT_openzeppelin_init_unchained","line":122,"loc":{"start":{"line":120,"column":4},"end":{"line":125,"column":4}}},"5":{"name":"__CMTAT_modules_init_unchained","line":133,"loc":{"start":{"line":130,"column":4},"end":{"line":135,"column":4}}},"6":{"name":"__CMTAT_commonModules_init_unchained","line":140,"loc":{"start":{"line":137,"column":4},"end":{"line":153,"column":4}}},"7":{"name":"transfer","line":162,"loc":{"start":{"line":159,"column":4},"end":{"line":164,"column":4}}},"8":{"name":"transferFrom","line":172,"loc":{"start":{"line":168,"column":4},"end":{"line":174,"column":4}}},"9":{"name":"_authorizeAttachPolicyEngine","line":176,"loc":{"start":{"line":176,"column":4},"end":{"line":176,"column":88}}},"10":{"name":"decimals","line":183,"loc":{"start":{"line":183,"column":4},"end":{"line":185,"column":4}}},"11":{"name":"name","line":190,"loc":{"start":{"line":190,"column":4},"end":{"line":192,"column":4}}},"12":{"name":"symbol","line":197,"loc":{"start":{"line":197,"column":4},"end":{"line":199,"column":4}}},"13":{"name":"supportsInterface","line":201,"loc":{"start":{"line":201,"column":4},"end":{"line":207,"column":4}}},"14":{"name":"_mintOverride","line":213,"loc":{"start":{"line":213,"column":4},"end":{"line":218,"column":4}}},"15":{"name":"_burnOverride","line":223,"loc":{"start":{"line":223,"column":4},"end":{"line":228,"column":4}}},"16":{"name":"_minterTransferOverride","line":233,"loc":{"start":{"line":233,"column":4},"end":{"line":239,"column":4}}},"17":{"name":"_authorizeERC20AttributeManagement","line":247,"loc":{"start":{"line":247,"column":4},"end":{"line":247,"column":104}}},"18":{"name":"_authorizeMint","line":253,"loc":{"start":{"line":253,"column":4},"end":{"line":253,"column":84}}},"19":{"name":"_authorizeBurn","line":259,"loc":{"start":{"line":259,"column":4},"end":{"line":259,"column":84}}},"20":{"name":"_authorizeDocumentManagement","line":265,"loc":{"start":{"line":265,"column":4},"end":{"line":265,"column":103}}},"21":{"name":"_authorizeExtraInfoManagement","line":271,"loc":{"start":{"line":271,"column":4},"end":{"line":271,"column":106}}},"22":{"name":"_authorizeERC20Enforcer","line":277,"loc":{"start":{"line":277,"column":4},"end":{"line":277,"column":100}}},"23":{"name":"_authorizeForcedTransfer","line":283,"loc":{"start":{"line":283,"column":4},"end":{"line":283,"column":101}}},"24":{"name":"_authorizeSnapshots","line":289,"loc":{"start":{"line":289,"column":4},"end":{"line":289,"column":94}}},"25":{"name":"_authorizeCCIPSetAdmin","line":295,"loc":{"start":{"line":295,"column":4},"end":{"line":295,"column":87}}},"26":{"name":"_checkTokenBridge","line":306,"loc":{"start":{"line":306,"column":4},"end":{"line":306,"column":107}}},"27":{"name":"_authorizeBurnFrom","line":313,"loc":{"start":{"line":313,"column":4},"end":{"line":313,"column":94}}},"28":{"name":"_authorizeSelfBurn","line":320,"loc":{"start":{"line":320,"column":4},"end":{"line":320,"column":94}}},"29":{"name":"_update","line":323,"loc":{"start":{"line":323,"column":4},"end":{"line":329,"column":4}}}},"statementMap":{"1":{"start":{"line":57,"column":8},"end":{"line":57,"column":2274}},"2":{"start":{"line":75,"column":8},"end":{"line":75,"column":2837}},"3":{"start":{"line":96,"column":8},"end":{"line":96,"column":38}},"4":{"start":{"line":99,"column":8},"end":{"line":99,"column":33}},"5":{"start":{"line":102,"column":8},"end":{"line":102,"column":32}},"6":{"start":{"line":105,"column":8},"end":{"line":105,"column":60}},"7":{"start":{"line":107,"column":8},"end":{"line":107,"column":53}},"8":{"start":{"line":110,"column":8},"end":{"line":110,"column":84}},"9":{"start":{"line":113,"column":8},"end":{"line":113,"column":61}},"10":{"start":{"line":114,"column":8},"end":{"line":114,"column":61}},"11":{"start":{"line":124,"column":8},"end":{"line":124,"column":77}},"12":{"start":{"line":134,"column":8},"end":{"line":134,"column":90}},"13":{"start":{"line":142,"column":8},"end":{"line":142,"column":5266}},"14":{"start":{"line":148,"column":8},"end":{"line":148,"column":5465}},"15":{"start":{"line":163,"column":8},"end":{"line":163,"column":50}},"16":{"start":{"line":173,"column":8},"end":{"line":173,"column":60}},"17":{"start":{"line":184,"column":8},"end":{"line":184,"column":41}},"18":{"start":{"line":191,"column":8},"end":{"line":191,"column":37}},"19":{"start":{"line":198,"column":8},"end":{"line":198,"column":39}},"20":{"start":{"line":204,"column":8},"end":{"line":204,"column":7458}},"21":{"start":{"line":217,"column":8},"end":{"line":217,"column":52}},"22":{"start":{"line":227,"column":8},"end":{"line":227,"column":52}},"23":{"start":{"line":238,"column":8},"end":{"line":238,"column":63}},"24":{"start":{"line":328,"column":8},"end":{"line":328,"column":56}}},"branchMap":{"1":{"line":56,"type":"if","locations":[{"start":{"line":56,"column":21},"end":{"line":56,"column":21}},{"start":{"line":56,"column":21},"end":{"line":56,"column":21}}]},"2":{"line":74,"type":"if","locations":[{"start":{"line":74,"column":23},"end":{"line":74,"column":23}},{"start":{"line":74,"column":23},"end":{"line":74,"column":23}}]},"3":{"line":95,"type":"if","locations":[{"start":{"line":95,"column":23},"end":{"line":95,"column":23}},{"start":{"line":95,"column":23},"end":{"line":95,"column":23}}]},"4":{"line":122,"type":"if","locations":[{"start":{"line":122,"column":23},"end":{"line":122,"column":23}},{"start":{"line":122,"column":23},"end":{"line":122,"column":23}}]},"5":{"line":133,"type":"if","locations":[{"start":{"line":133,"column":23},"end":{"line":133,"column":23}},{"start":{"line":133,"column":23},"end":{"line":133,"column":23}}]},"6":{"line":140,"type":"if","locations":[{"start":{"line":140,"column":23},"end":{"line":140,"column":23}},{"start":{"line":140,"column":23},"end":{"line":140,"column":23}}]},"7":{"line":162,"type":"if","locations":[{"start":{"line":162,"column":65},"end":{"line":162,"column":65}},{"start":{"line":162,"column":65},"end":{"line":162,"column":65}}]},"8":{"line":172,"type":"if","locations":[{"start":{"line":172,"column":65},"end":{"line":172,"column":65}},{"start":{"line":172,"column":65},"end":{"line":172,"column":65}}]},"9":{"line":176,"type":"if","locations":[{"start":{"line":176,"column":77},"end":{"line":176,"column":77}},{"start":{"line":176,"column":77},"end":{"line":176,"column":77}}]},"10":{"line":205,"type":"cond-expr","locations":[{"start":{"line":205,"column":12},"end":{"line":205,"column":64}},{"start":{"line":206,"column":12},"end":{"line":206,"column":69}}]},"11":{"line":247,"type":"if","locations":[{"start":{"line":247,"column":93},"end":{"line":247,"column":93}},{"start":{"line":247,"column":93},"end":{"line":247,"column":93}}]},"12":{"line":253,"type":"if","locations":[{"start":{"line":253,"column":73},"end":{"line":253,"column":73}},{"start":{"line":253,"column":73},"end":{"line":253,"column":73}}]},"13":{"line":259,"type":"if","locations":[{"start":{"line":259,"column":73},"end":{"line":259,"column":73}},{"start":{"line":259,"column":73},"end":{"line":259,"column":73}}]},"14":{"line":265,"type":"if","locations":[{"start":{"line":265,"column":92},"end":{"line":265,"column":92}},{"start":{"line":265,"column":92},"end":{"line":265,"column":92}}]},"15":{"line":271,"type":"if","locations":[{"start":{"line":271,"column":95},"end":{"line":271,"column":95}},{"start":{"line":271,"column":95},"end":{"line":271,"column":95}}]},"16":{"line":277,"type":"if","locations":[{"start":{"line":277,"column":89},"end":{"line":277,"column":89}},{"start":{"line":277,"column":89},"end":{"line":277,"column":89}}]},"17":{"line":283,"type":"if","locations":[{"start":{"line":283,"column":90},"end":{"line":283,"column":90}},{"start":{"line":283,"column":90},"end":{"line":283,"column":90}}]},"18":{"line":289,"type":"if","locations":[{"start":{"line":289,"column":83},"end":{"line":289,"column":83}},{"start":{"line":289,"column":83},"end":{"line":289,"column":83}}]},"19":{"line":295,"type":"if","locations":[{"start":{"line":295,"column":76},"end":{"line":295,"column":76}},{"start":{"line":295,"column":76},"end":{"line":295,"column":76}}]},"20":{"line":306,"type":"if","locations":[{"start":{"line":306,"column":96},"end":{"line":306,"column":96}},{"start":{"line":306,"column":96},"end":{"line":306,"column":96}}]},"21":{"line":313,"type":"if","locations":[{"start":{"line":313,"column":83},"end":{"line":313,"column":83}},{"start":{"line":313,"column":83},"end":{"line":313,"column":83}}]},"22":{"line":320,"type":"if","locations":[{"start":{"line":320,"column":83},"end":{"line":320,"column":83}},{"start":{"line":320,"column":83},"end":{"line":320,"column":83}}]}}}}
