TN:
SF:/home/ryan/Pictures/dev/CMTAT-ACE/contracts/deployment/lite/ComplianceTokenCMTATLiteStandalone.sol
FN:25,constructor
FNF:1
FNH:1
FNDA:47,constructor
DA:34,47
LF:1
LH:1
BRF:0
BRH:0
end_of_record
TN:
SF:/home/ryan/Pictures/dev/CMTAT-ACE/contracts/deployment/lite/ComplianceTokenCMTATLiteUpgradeable.sol
FN:14,constructor
FNF:1
FNH:1
FNDA:1,constructor
DA:16,1
LF:1
LH:1
BRF:0
BRH:0
end_of_record
TN:
SF:/home/ryan/Pictures/dev/CMTAT-ACE/contracts/deployment/lite/ComplianceTokenCMTATLiteUUPSUpgradeable.sol
FN:17,constructor
FN:27,_authorizeUpgrade
FNF:2
FNH:2
FNDA:1,constructor
FNDA:2,_authorizeUpgrade
DA:19,1
LF:1
LH:1
BRDA:27,1,0,2
BRDA:27,1,1,1
BRF:2
BRH:2
end_of_record
TN:
SF:/home/ryan/Pictures/dev/CMTAT-ACE/contracts/deployment/standard/ComplianceTokenCMTATStandalone.sol
FN:25,constructor
FNF:1
FNH:1
FNDA:8,constructor
DA:34,8
LF:1
LH:1
BRF:0
BRH:0
end_of_record
TN:
SF:/home/ryan/Pictures/dev/CMTAT-ACE/contracts/deployment/standard/ComplianceTokenCMTATUpgradeable.sol
FN:14,constructor
FNF:1
FNH:1
FNDA:1,constructor
DA:16,1
LF:1
LH:1
BRF:0
BRH:0
end_of_record
TN:
SF:/home/ryan/Pictures/dev/CMTAT-ACE/contracts/deployment/standard/ComplianceTokenCMTATUUPSUpgradeable.sol
FN:15,constructor
FN:23,_authorizeUpgrade
FNF:2
FNH:2
FNDA:1,constructor
FNDA:2,_authorizeUpgrade
DA:17,1
LF:1
LH:1
BRDA:23,1,0,2
BRDA:23,1,1,1
BRF:2
BRH:2
end_of_record
TN:
SF:/home/ryan/Pictures/dev/CMTAT-ACE/contracts/modules/chainlink-ace/custom/ERC20TransferFromExtractor.sol
FN:28,extract
FNF:1
FNH:1
FNDA:34,extract
DA:31,34
DA:32,34
DA:33,34
DA:34,34
DA:36,34
DA:37,30
DA:38,30
DA:39,30
DA:41,4
DA:42,4
DA:44,0
DA:47,34
DA:48,34
DA:49,34
DA:50,34
DA:51,34
DA:53,34
LF:17
LH:16
BRDA:36,1,0,30
BRDA:36,1,1,4
BRDA:40,2,0,4
BRDA:40,2,1,0
BRF:4
BRH:3
end_of_record
TN:
SF:/home/ryan/Pictures/dev/CMTAT-ACE/contracts/modules/chainlink-ace/custom/TransferValidationPolicy.sol
FN:37,_getStorage
FN:48,configure
FN:63,setRules
FN:77,rules
FN:84,rulesCount
FN:94,run
FNF:6
FNH:6
FNDA:69,_getStorage
FNDA:33,configure
FNDA:2,setRules
FNDA:1,rules
FNDA:1,rulesCount
FNDA:35,run
DA:38,69
DA:49,33
DA:50,30
DA:51,30
DA:52,30
DA:53,37
DA:54,37
DA:64,2
DA:65,2
DA:66,2
DA:67,2
DA:68,2
DA:69,2
DA:71,2
DA:78,1
DA:85,1
DA:101,35
DA:102,35
DA:104,35
DA:106,33
DA:107,33
DA:108,33
DA:109,33
DA:111,33
DA:112,35
DA:113,35
DA:114,13
DA:115,13
DA:120,2
DA:121,2
DA:122,2
DA:124,2
DA:125,2
DA:126,2
DA:127,1
DA:128,1
DA:133,21
LF:37
LH:37
BRDA:48,1,0,33
BRDA:48,1,1,0
BRDA:49,2,0,30
BRDA:49,2,1,3
BRDA:53,3,0,37
BRDA:53,3,1,0
BRDA:63,4,0,2
BRDA:63,4,1,1
BRDA:68,5,0,2
BRDA:68,5,1,0
BRDA:104,6,0,33
BRDA:104,6,1,2
BRDA:113,7,0,13
BRDA:113,7,1,22
BRDA:126,8,0,1
BRDA:126,8,1,1
BRF:16
BRH:13
end_of_record
TN:
SF:/home/ryan/Pictures/dev/CMTAT-ACE/contracts/modules/chainlink-ace/mocks/PolicyProtectedUpgradeableMocks.sol
FN:15,setDetachShouldRevert
FN:19,typeAndVersion
FN:23,attach
FN:27,detach
FN:34,run
FN:38,check
FN:40,setExtractor
FN:42,setExtractors
FN:44,getExtractor
FN:48,setPolicyMapper
FN:50,getPolicyMapper
FN:54,addPolicy
FN:56,addPolicyAt
FN:58,removePolicy
FN:60,getPolicies
FN:64,setPolicyConfiguration
FN:66,getPolicyConfigVersion
FN:70,setDefaultPolicyAllow
FN:72,setTargetDefaultPolicyAllow
FN:80,initialize
FN:84,_authorizeAttachPolicyEngine
FN:86,guardedRun
FN:90,guardedRunWithContext
FN:94,guardedRunAndRevert
FN:100,initializeWithPolicyEngine
FN:104,_authorizeAttachPolicyEngine
FN:106,_authorizePause
FN:108,_authorizeDeactivate
FN:110,_authorizeFreeze
FN:112,exposedTryCheckPolicies
FN:120,exposedTransferred
FNF:31
FNH:12
FNDA:1,setDetachShouldRevert
FNDA:0,typeAndVersion
FNDA:8,attach
FNDA:1,detach
FNDA:5,run
FNDA:0,check
FNDA:0,setExtractor
FNDA:0,setExtractors
FNDA:0,getExtractor
FNDA:0,setPolicyMapper
FNDA:0,getPolicyMapper
FNDA:0,addPolicy
FNDA:0,addPolicyAt
FNDA:0,removePolicy
FNDA:0,getPolicies
FNDA:0,setPolicyConfiguration
FNDA:0,getPolicyConfigVersion
FNDA:0,setDefaultPolicyAllow
FNDA:0,setTargetDefaultPolicyAllow
FNDA:7,initialize
FNDA:1,_authorizeAttachPolicyEngine
FNDA:1,guardedRun
FNDA:1,guardedRunWithContext
FNDA:1,guardedRunAndRevert
FNDA:1,initializeWithPolicyEngine
FNDA:0,_authorizeAttachPolicyEngine
FNDA:0,_authorizePause
FNDA:0,_authorizeDeactivate
FNDA:0,_authorizeFreeze
FNDA:1,exposedTryCheckPolicies
FNDA:3,exposedTransferred
DA:16,1
DA:20,0
DA:24,8
DA:28,1
DA:29,1
DA:30,1
DA:35,5
DA:45,0
DA:51,0
DA:61,0
DA:67,0
DA:81,7
DA:87,1
DA:91,1
DA:95,1
DA:101,1
DA:117,1
DA:126,3
LF:18
LH:13
BRDA:29,1,0,1
BRDA:29,1,1,0
BRDA:80,2,0,7
BRDA:80,2,1,0
BRDA:86,3,0,1
BRDA:86,3,1,1
BRDA:90,4,0,1
BRDA:90,4,1,1
BRDA:94,5,0,1
BRDA:94,5,1,0
BRDA:100,6,0,1
BRDA:100,6,1,0
BRF:12
BRH:8
end_of_record
TN:
SF:/home/ryan/Pictures/dev/CMTAT-ACE/contracts/modules/chainlink-ace/mocks/TransferRuleMocks.sol
FN:20,constructor
FN:24,detectTransferRestriction
FN:32,detectTransferRestrictionFrom
FN:41,canTransfer
FN:45,canTransferFrom
FN:54,transferred
FN:56,transferred
FN:63,supportsInterface
FN:67,canReturnTransferRestrictionCode
FN:71,messageForTransferRestriction
FN:87,onlyOwner
FN:92,constructor
FN:99,setRestricted
FN:103,detectTransferRestriction
FN:113,detectTransferRestrictionFrom
FN:122,canTransfer
FN:126,canTransferFrom
FN:135,transferred
FN:137,transferred
FN:144,supportsInterface
FN:148,canReturnTransferRestrictionCode
FN:152,messageForTransferRestriction
FNF:22
FNH:10
FNDA:26,constructor
FNDA:25,detectTransferRestriction
FNDA:23,detectTransferRestrictionFrom
FNDA:0,canTransfer
FNDA:0,canTransferFrom
FNDA:0,transferred
FNDA:0,transferred
FNDA:0,supportsInterface
FNDA:0,canReturnTransferRestrictionCode
FNDA:8,messageForTransferRestriction
FNDA:3,onlyOwner
FNDA:14,constructor
FNDA:3,setRestricted
FNDA:12,detectTransferRestriction
FNDA:12,detectTransferRestrictionFrom
FNDA:0,canTransfer
FNDA:0,canTransferFrom
FNDA:0,transferred
FNDA:0,transferred
FNDA:0,supportsInterface
FNDA:0,canReturnTransferRestrictionCode
FNDA:6,messageForTransferRestriction
DA:21,26
DA:29,25
DA:38,23
DA:42,0
DA:51,0
DA:64,0
DA:68,0
DA:72,8
DA:88,3
DA:89,3
DA:93,14
DA:94,14
DA:95,12
DA:100,3
DA:108,12
DA:109,10
DA:110,6
DA:119,12
DA:123,0
DA:132,0
DA:145,0
DA:149,0
DA:153,6
DA:154,4
DA:155,0
LF:25
LH:16
BRDA:29,1,0,8
BRDA:29,1,1,17
BRDA:72,2,0,8
BRDA:72,2,1,0
BRDA:88,3,0,3
BRDA:88,3,1,0
BRDA:99,4,0,3
BRDA:99,4,1,0
BRDA:108,5,0,2
BRDA:108,5,1,10
BRDA:109,6,0,4
BRDA:109,6,1,6
BRDA:149,7,0,0
BRDA:149,7,1,0
BRDA:153,8,0,2
BRDA:153,8,1,4
BRDA:154,9,0,4
BRDA:154,9,1,0
BRF:18
BRH:12
end_of_record
TN:
SF:/home/ryan/Pictures/dev/CMTAT-ACE/contracts/modules/chainlink-ace/modified/MintBurnExtractor.sol
FN:31,extract
FNF:1
FNH:1
FNDA:4,extract
DA:34,4
DA:35,4
DA:37,4
DA:38,2
DA:40,1
DA:41,1
DA:43,1
DA:46,3
DA:47,3
DA:48,3
DA:49,3
LF:11
LH:11
BRDA:37,1,0,2
BRDA:37,1,1,2
BRDA:37,2,0,1
BRDA:37,2,1,1
BRDA:39,3,0,1
BRDA:39,3,1,1
BRF:6
BRH:6
end_of_record
TN:
SF:/home/ryan/Pictures/dev/CMTAT-ACE/contracts/modules/chainlink-ace/modified/PolicyProtectedUpgradeable.sol
FN:30,_policyProtectedStorage
FN:37,__PolicyProtected_init
FN:42,__PolicyProtected_init_unchained
FN:51,runPolicy
FN:69,runPolicyWithContext
FN:82,attachPolicyEngine
FN:87,_attachPolicyEngine
FN:102,getPolicyEngine
FN:107,setContext
FN:112,getContext
FN:117,clearContext
FN:124,supportsInterface
FNF:12
FNH:12
FNDA:4374,_policyProtectedStorage
FNDA:8,__PolicyProtected_init
FNDA:71,__PolicyProtected_init_unchained
FNDA:703,runPolicy
FNDA:2,runPolicyWithContext
FNDA:7,attachPolicyEngine
FNDA:75,_attachPolicyEngine
FNDA:1054,getPolicyEngine
FNDA:3,setContext
FNDA:1752,getContext
FNDA:4,clearContext
FNDA:11,supportsInterface
DA:32,4374
DA:38,8
DA:39,8
DA:43,71
DA:52,703
DA:53,1
DA:55,702
DA:56,702
DA:59,612
DA:60,593
DA:61,1
DA:70,2
DA:71,1
DA:73,1
DA:76,1
DA:83,7
DA:84,4
DA:88,75
DA:89,74
DA:90,4
DA:93,1
DA:96,74
DA:97,74
DA:98,74
DA:103,1054
DA:108,3
DA:113,1752
DA:118,4
DA:127,11
LF:29
LH:29
BRDA:37,1,0,8
BRDA:37,1,1,0
BRDA:42,2,0,71
BRDA:42,2,1,0
BRDA:52,3,0,1
BRDA:52,3,1,702
BRDA:60,4,0,1
BRDA:60,4,1,592
BRDA:70,5,0,1
BRDA:70,5,1,1
BRDA:88,6,0,74
BRDA:88,6,1,1
BRDA:89,7,0,4
BRDA:89,7,1,70
BRDA:127,8,0,4
BRDA:127,8,1,0
BRF:16
BRH:13
end_of_record
TN:
SF:/home/ryan/Pictures/dev/CMTAT-ACE/contracts/modules/demo/DemoImports.sol
FNF:0
FNH:0
LF:0
LH:0
BRF:0
BRH:0
end_of_record
TN:
SF:/home/ryan/Pictures/dev/CMTAT-ACE/contracts/modules/lite/CCTCMTATBaseERC1404.sol
FN:28,messageForTransferRestriction
FN:44,canTransfer
FN:55,canTransferFrom
FN:67,_detectTransferRestriction
FN:82,supportsInterface
FNF:5
FNH:5
FNDA:10,messageForTransferRestriction
FNDA:233,canTransfer
FNDA:35,canTransferFrom
FNDA:8,_detectTransferRestriction
FNDA:6,supportsInterface
DA:31,10
DA:35,1
DA:37,9
DA:49,233
DA:61,35
DA:72,8
DA:73,8
DA:74,1
DA:75,1
DA:76,1
DA:79,7
DA:85,6
LF:12
LH:12
BRDA:31,1,0,1
BRDA:31,1,1,9
BRDA:73,2,0,1
BRDA:73,2,1,7
BRDA:75,3,0,1
BRDA:75,3,1,0
BRF:6
BRH:5
end_of_record
TN:
SF:/home/ryan/Pictures/dev/CMTAT-ACE/contracts/modules/lite/CCTCMTATBaseERC20CrossChain.sol
FN:28,approve
FN:31,transfer
FN:40,transferFrom
FN:50,_mintOverride
FN:61,_burnOverride
FN:72,_minterTransferOverride
FN:84,decimals
FN:91,name
FN:98,symbol
FN:103,supportsInterface
FN:120,_authorizeCCIPSetAdmin
FN:131,_checkTokenBridge
FN:145,_authorizeBurnFrom
FN:158,_authorizeSelfBurn
FN:162,_update
FNF:15
FNH:15
FNDA:119,approve
FNDA:81,transfer
FNDA:29,transferFrom
FNDA:731,_mintOverride
FNDA:144,_burnOverride
FNDA:27,_minterTransferOverride
FNDA:3,decimals
FNDA:10,name
FNDA:10,symbol
FNDA:12,supportsInterface
FNDA:9,_authorizeCCIPSetAdmin
FNDA:39,_checkTokenBridge
FNDA:9,_authorizeBurnFrom
FNDA:12,_authorizeSelfBurn
FNDA:939,_update
DA:29,119
DA:35,81
DA:45,29
DA:54,731
DA:55,716
DA:65,144
DA:66,120
DA:77,27
DA:78,18
DA:85,3
DA:92,10
DA:99,10
DA:106,12
DA:132,39
DA:167,939
LF:15
LH:15
BRDA:28,1,0,119
BRDA:28,1,1,3
BRDA:107,2,0,6
BRDA:107,2,1,3
BRDA:120,3,0,9
BRDA:120,3,1,3
BRDA:131,4,0,39
BRDA:131,4,1,12
BRDA:144,5,0,15
BRDA:144,5,1,3
BRDA:145,6,0,9
BRDA:145,6,1,6
BRDA:157,7,0,18
BRDA:157,7,1,6
BRDA:158,8,0,12
BRDA:158,8,1,6
BRF:16
BRH:16
end_of_record
TN:
SF:/home/ryan/Pictures/dev/CMTAT-ACE/contracts/modules/lite/CCTCMTATBasePolicyEngine.sol
FN:50,initialize
FN:71,_initialize
FN:92,__CMTAT_init
FN:119,__CMTAT_openzeppelin_init_unchained
FN:131,__CMTAT_modules_init_unchained
FN:141,canTransfer
FN:157,canTransferFrom
FN:171,_authorizeAttachPolicyEngine
FN:177,_authorizePause
FN:178,_authorizeDeactivate
FN:180,_authorizeFreeze
FN:183,_checkTransferred
FN:196,supportsInterface
FNF:13
FNH:11
FNDA:51,initialize
FNDA:51,_initialize
FNDA:51,__CMTAT_init
FNDA:51,__CMTAT_openzeppelin_init_unchained
FNDA:0,__CMTAT_modules_init_unchained
FNDA:233,canTransfer
FNDA:35,canTransferFrom
FNDA:0,_authorizeAttachPolicyEngine
FNDA:99,_authorizePause
FNDA:37,_authorizeDeactivate
FNDA:78,_authorizeFreeze
FNDA:1012,_checkTransferred
FNDA:6,supportsInterface
DA:51,51
DA:72,51
DA:95,51
DA:98,51
DA:101,51
DA:104,51
DA:107,51
DA:108,51
DA:111,51
DA:121,51
DA:132,0
DA:146,233
DA:147,233
DA:148,88
DA:150,145
DA:163,35
DA:164,35
DA:165,12
DA:167,23
DA:189,1012
DA:190,994
DA:199,6
LF:22
LH:21
BRDA:50,1,0,51
BRDA:50,1,1,2
BRDA:71,2,0,51
BRDA:71,2,1,0
BRDA:92,3,0,51
BRDA:92,3,1,0
BRDA:119,4,0,51
BRDA:119,4,1,0
BRDA:131,5,0,0
BRDA:131,5,1,0
BRDA:147,6,0,88
BRDA:147,6,1,145
BRDA:164,7,0,12
BRDA:164,7,1,23
BRDA:171,8,0,0
BRDA:171,8,1,0
BRDA:177,9,0,99
BRDA:177,9,1,6
BRDA:178,10,0,37
BRDA:178,10,1,3
BRDA:180,11,0,78
BRDA:180,11,1,9
BRDA:190,12,0,918
BRDA:190,12,1,76
BRDA:200,13,0,3
BRDA:200,13,1,0
BRF:26
BRH:18
end_of_record
TN:
SF:/home/ryan/Pictures/dev/CMTAT-ACE/contracts/modules/lite/PolicyValidationModuleERC1404.sol
FN:42,messageForTransferRestriction
FN:70,detectTransferRestriction
FN:83,detectTransferRestrictionFrom
FN:108,_detectTransferRestriction
FNF:4
FNH:4
FNDA:9,messageForTransferRestriction
FNDA:6,detectTransferRestriction
FNDA:3,detectTransferRestrictionFrom
FNDA:7,_detectTransferRestriction
DA:45,9
DA:46,2
DA:48,1
DA:50,1
DA:52,1
DA:54,2
DA:56,1
DA:58,1
DA:75,6
DA:76,6
DA:77,5
DA:79,1
DA:89,3
DA:90,1
DA:92,2
DA:93,2
DA:94,1
DA:96,1
DA:113,7
DA:114,1
DA:116,1
DA:118,1
DA:120,2
DA:122,2
LF:24
LH:24
BRDA:45,1,0,2
BRDA:45,1,1,7
BRDA:47,2,0,1
BRDA:47,2,1,6
BRDA:49,3,0,1
BRDA:49,3,1,5
BRDA:51,4,0,1
BRDA:51,4,1,4
BRDA:53,5,0,2
BRDA:53,5,1,2
BRDA:55,6,0,1
BRDA:55,6,1,1
BRDA:76,7,0,5
BRDA:76,7,1,1
BRDA:89,8,0,1
BRDA:89,8,1,2
BRDA:93,9,0,1
BRDA:93,9,1,1
BRDA:113,10,0,1
BRDA:113,10,1,6
BRDA:115,11,0,1
BRDA:115,11,1,5
BRDA:117,12,0,1
BRDA:117,12,1,4
BRDA:119,13,0,2
BRDA:119,13,1,2
BRF:26
BRH:26
end_of_record
TN:
SF:/home/ryan/Pictures/dev/CMTAT-ACE/contracts/modules/lite/ValidationModulePolicyEngine.sol
FN:20,canTransfer
FN:32,canTransferFrom
FN:45,_canTransfer
FN:53,_canTransferFrom
FN:66,_canTransferFromWithPolicyEngine
FN:75,_canTransferWithPolicyEngine
FN:83,_tryCheckPolicies
FN:102,_transferred
FNF:8
FNH:8
FNDA:145,canTransfer
FNDA:23,canTransferFrom
FNDA:145,_canTransfer
FNDA:23,_canTransferFrom
FNDA:11,_canTransferFromWithPolicyEngine
FNDA:106,_canTransferWithPolicyEngine
FNDA:118,_tryCheckPolicies
FNDA:997,_transferred
DA:25,145
DA:38,23
DA:46,145
DA:47,39
DA:49,106
DA:59,23
DA:60,12
DA:62,11
DA:72,11
DA:80,106
DA:84,118
DA:85,118
DA:86,117
DA:87,117
DA:92,111
DA:94,6
DA:97,1
DA:108,997
DA:109,928
DA:110,928
DA:111,927
DA:112,927
DA:115,920
DA:116,2
DA:119,921
LF:25
LH:25
BRDA:46,1,0,39
BRDA:46,1,1,106
BRDA:59,2,0,12
BRDA:59,2,1,11
BRDA:85,3,0,117
BRDA:85,3,1,1
BRDA:110,4,0,927
BRDA:110,4,1,1
BRDA:115,5,0,2
BRDA:115,5,1,918
BRF:10
BRH:10
end_of_record
TN:
SF:/home/ryan/Pictures/dev/CMTAT-ACE/contracts/modules/standard/CCTCommon.sol
FN:56,initialize
FN:74,_initialize
FN:95,__CMTAT_init
FN:122,__CMTAT_openzeppelin_init_unchained
FN:133,__CMTAT_modules_init_unchained
FN:140,__CMTAT_commonModules_init_unchained
FN:162,transfer
FN:172,transferFrom
FN:176,_authorizeAttachPolicyEngine
FN:183,decimals
FN:190,name
FN:197,symbol
FN:201,supportsInterface
FN:213,_mintOverride
FN:223,_burnOverride
FN:233,_minterTransferOverride
FN:247,_authorizeERC20AttributeManagement
FN:253,_authorizeMint
FN:259,_authorizeBurn
FN:265,_authorizeDocumentManagement
FN:271,_authorizeExtraInfoManagement
FN:277,_authorizeERC20Enforcer
FN:283,_authorizeForcedTransfer
FN:289,_authorizeSnapshots
FN:295,_authorizeCCIPSetAdmin
FN:306,_checkTokenBridge
FN:313,_authorizeBurnFrom
FN:320,_authorizeSelfBurn
FN:323,_update
FNF:29
FNH:28
FNDA:12,initialize
FNDA:12,_initialize
FNDA:12,__CMTAT_init
FNDA:12,__CMTAT_openzeppelin_init_unchained
FNDA:12,__CMTAT_modules_init_unchained
FNDA:12,__CMTAT_commonModules_init_unchained
FNDA:48,transfer
FNDA:12,transferFrom
FNDA:3,_authorizeAttachPolicyEngine
FNDA:9,decimals
FNDA:13,name
FNDA:10,symbol
FNDA:9,supportsInterface
FNDA:376,_mintOverride
FNDA:48,_burnOverride
FNDA:0,_minterTransferOverride
FNDA:3,_authorizeERC20AttributeManagement
FNDA:352,_authorizeMint
FNDA:33,_authorizeBurn
FNDA:63,_authorizeDocumentManagement
FNDA:3,_authorizeExtraInfoManagement
FNDA:48,_authorizeERC20Enforcer
FNDA:12,_authorizeForcedTransfer
FNDA:12,_authorizeSnapshots
FNDA:3,_authorizeCCIPSetAdmin
FNDA:15,_checkTokenBridge
FNDA:3,_authorizeBurnFrom
FNDA:3,_authorizeSelfBurn
FNDA:478,_update
DA:57,12
DA:75,12
DA:96,12
DA:99,12
DA:102,12
DA:105,12
DA:107,12
DA:110,12
DA:113,12
DA:114,12
DA:124,12
DA:134,12
DA:142,12
DA:148,12
DA:163,48
DA:173,12
DA:184,9
DA:191,13
DA:198,10
DA:204,9
DA:217,376
DA:227,48
DA:238,0
DA:328,478
LF:24
LH:23
BRDA:56,1,0,12
BRDA:56,1,1,2
BRDA:74,2,0,12
BRDA:74,2,1,0
BRDA:95,3,0,12
BRDA:95,3,1,0
BRDA:122,4,0,12
BRDA:122,4,1,0
BRDA:133,5,0,12
BRDA:133,5,1,0
BRDA:140,6,0,12
BRDA:140,6,1,0
BRDA:162,7,0,48
BRDA:162,7,1,0
BRDA:172,8,0,12
BRDA:172,8,1,0
BRDA:176,9,0,3
BRDA:176,9,1,3
BRDA:205,10,0,3
BRDA:205,10,1,3
BRDA:247,11,0,3
BRDA:247,11,1,3
BRDA:253,12,0,352
BRDA:253,12,1,24
BRDA:259,13,0,33
BRDA:259,13,1,15
BRDA:265,14,0,63
BRDA:265,14,1,3
BRDA:271,15,0,3
BRDA:271,15,1,3
BRDA:277,16,0,48
BRDA:277,16,1,12
BRDA:283,17,0,12
BRDA:283,17,1,12
BRDA:289,18,0,12
BRDA:289,18,1,3
BRDA:295,19,0,3
BRDA:295,19,1,3
BRDA:306,20,0,15
BRDA:306,20,1,6
BRDA:313,21,0,3
BRDA:313,21,1,3
BRDA:320,22,0,3
BRDA:320,22,1,3
BRF:44
BRH:37
end_of_record
