{
"contracts/deployment/lite/ComplianceTokenCMTATLiteStandalone.sol":{"l":{"28":109},"path":"/home/ryan/Pictures/CMTAT-ACE/contracts/deployment/lite/ComplianceTokenCMTATLiteStandalone.sol","s":{"1":109},"b":{},"f":{"1":109},"fnMap":{"1":{"name":"constructor","line":21,"loc":{"start":{"line":21,"column":4},"end":{"line":29,"column":4}}}},"statementMap":{"1":{"start":{"line":28,"column":8},"end":{"line":28,"column":86}}},"branchMap":{}},
"contracts/deployment/lite/ComplianceTokenCMTATLiteUpgradeable.sol":{"l":{"16":1},"path":"/home/ryan/Pictures/CMTAT-ACE/contracts/deployment/lite/ComplianceTokenCMTATLiteUpgradeable.sol","s":{"1":1},"b":{},"f":{"1":1},"fnMap":{"1":{"name":"constructor","line":14,"loc":{"start":{"line":14,"column":4},"end":{"line":17,"column":4}}}},"statementMap":{"1":{"start":{"line":16,"column":8},"end":{"line":16,"column":29}}},"branchMap":{}},
"contracts/deployment/lite/ComplianceTokenCMTATLiteUUPSUpgradeable.sol":{"l":{"19":1},"path":"/home/ryan/Pictures/CMTAT-ACE/contracts/deployment/lite/ComplianceTokenCMTATLiteUUPSUpgradeable.sol","s":{"1":1},"b":{"1":[2,1]},"f":{"1":1,"2":2},"fnMap":{"1":{"name":"constructor","line":17,"loc":{"start":{"line":17,"column":4},"end":{"line":20,"column":4}}},"2":{"name":"_authorizeUpgrade","line":27,"loc":{"start":{"line":25,"column":4},"end":{"line":27,"column":79}}}},"statementMap":{"1":{"start":{"line":19,"column":8},"end":{"line":19,"column":29}}},"branchMap":{"1":{"line":27,"type":"if","locations":[{"start":{"line":27,"column":49},"end":{"line":27,"column":49}},{"start":{"line":27,"column":49},"end":{"line":27,"column":49}}]}}},
"contracts/deployment/standard/ComplianceTokenCMTATStandalone.sol":{"l":{"28":25},"path":"/home/ryan/Pictures/CMTAT-ACE/contracts/deployment/standard/ComplianceTokenCMTATStandalone.sol","s":{"1":25},"b":{},"f":{"1":25},"fnMap":{"1":{"name":"constructor","line":21,"loc":{"start":{"line":21,"column":4},"end":{"line":29,"column":4}}}},"statementMap":{"1":{"start":{"line":28,"column":8},"end":{"line":28,"column":87}}},"branchMap":{}},
"contracts/deployment/standard/ComplianceTokenCMTATUpgradeable.sol":{"l":{"16":1},"path":"/home/ryan/Pictures/CMTAT-ACE/contracts/deployment/standard/ComplianceTokenCMTATUpgradeable.sol","s":{"1":1},"b":{},"f":{"1":1},"fnMap":{"1":{"name":"constructor","line":14,"loc":{"start":{"line":14,"column":4},"end":{"line":17,"column":4}}}},"statementMap":{"1":{"start":{"line":16,"column":8},"end":{"line":16,"column":29}}},"branchMap":{}},
"contracts/deployment/standard/ComplianceTokenCMTATUUPSUpgradeable.sol":{"l":{"17":1},"path":"/home/ryan/Pictures/CMTAT-ACE/contracts/deployment/standard/ComplianceTokenCMTATUUPSUpgradeable.sol","s":{"1":1},"b":{"1":[2,1]},"f":{"1":1,"2":2},"fnMap":{"1":{"name":"constructor","line":15,"loc":{"start":{"line":15,"column":4},"end":{"line":18,"column":4}}},"2":{"name":"_authorizeUpgrade","line":23,"loc":{"start":{"line":23,"column":4},"end":{"line":23,"column":112}}}},"statementMap":{"1":{"start":{"line":17,"column":8},"end":{"line":17,"column":29}}},"branchMap":{"1":{"line":23,"type":"if","locations":[{"start":{"line":23,"column":101},"end":{"line":23,"column":101}},{"start":{"line":23,"column":101},"end":{"line":23,"column":101}}]}}},
"contracts/interfaces/IERC7943Fungible.sol":{"l":{},"path":"/home/ryan/Pictures/CMTAT-ACE/contracts/interfaces/IERC7943Fungible.sol","s":{},"b":{},"f":{},"fnMap":{},"statementMap":{},"branchMap":{}},
"contracts/modules/chainlink-ace/custom/CrossChainMintBurnExtractor.sol":{"l":{"48":9,"49":9,"50":9,"52":9,"54":5,"57":3,"59":1,"62":8,"63":8,"64":8,"65":8,"66":8},"path":"/home/ryan/Pictures/CMTAT-ACE/contracts/modules/chainlink-ace/custom/CrossChainMintBurnExtractor.sol","s":{"1":9,"2":9,"3":9,"4":9,"5":4,"6":8,"7":8},"b":{"1":[5,4],"2":[3,1]},"f":{"1":9},"fnMap":{"1":{"name":"extract","line":45,"loc":{"start":{"line":45,"column":4},"end":{"line":67,"column":4}}}},"statementMap":{"1":{"start":{"line":48,"column":8},"end":{"line":48,"column":20}},"2":{"start":{"line":49,"column":8},"end":{"line":49,"column":18}},"3":{"start":{"line":50,"column":8},"end":{"line":50,"column":22}},"4":{"start":{"line":52,"column":8},"end":{"line":52,"column":2715}},"5":{"start":{"line":55,"column":15},"end":{"line":55,"column":2952}},"6":{"start":{"line":62,"column":8},"end":{"line":62,"column":82}},"7":{"start":{"line":66,"column":8},"end":{"line":66,"column":21}}},"branchMap":{"1":{"line":52,"type":"if","locations":[{"start":{"line":52,"column":8},"end":{"line":52,"column":8}},{"start":{"line":52,"column":8},"end":{"line":52,"column":8}}]},"2":{"line":55,"type":"if","locations":[{"start":{"line":55,"column":15},"end":{"line":55,"column":15}},{"start":{"line":55,"column":15},"end":{"line":55,"column":15}}]}}},
"contracts/modules/chainlink-ace/custom/ERC20TransferFromExtractor.sol":{"l":{"31":80,"32":80,"33":80,"34":80,"36":80,"37":70,"38":70,"39":70,"41":9,"42":9,"44":1,"47":79,"48":79,"49":79,"50":79,"51":79,"53":79},"path":"/home/ryan/Pictures/CMTAT-ACE/contracts/modules/chainlink-ace/custom/ERC20TransferFromExtractor.sol","s":{"1":80,"2":80,"3":80,"4":80,"5":80,"6":10,"7":79,"8":79},"b":{"1":[70,10],"2":[9,1]},"f":{"1":80},"fnMap":{"1":{"name":"extract","line":28,"loc":{"start":{"line":28,"column":4},"end":{"line":54,"column":4}}}},"statementMap":{"1":{"start":{"line":31,"column":8},"end":{"line":31,"column":23}},"2":{"start":{"line":32,"column":8},"end":{"line":32,"column":20}},"3":{"start":{"line":33,"column":8},"end":{"line":33,"column":18}},"4":{"start":{"line":34,"column":8},"end":{"line":34,"column":22}},"5":{"start":{"line":36,"column":8},"end":{"line":36,"column":1498}},"6":{"start":{"line":40,"column":15},"end":{"line":40,"column":1711}},"7":{"start":{"line":47,"column":8},"end":{"line":47,"column":82}},"8":{"start":{"line":53,"column":8},"end":{"line":53,"column":21}}},"branchMap":{"1":{"line":36,"type":"if","locations":[{"start":{"line":36,"column":8},"end":{"line":36,"column":8}},{"start":{"line":36,"column":8},"end":{"line":36,"column":8}}]},"2":{"line":40,"type":"if","locations":[{"start":{"line":40,"column":15},"end":{"line":40,"column":15}},{"start":{"line":40,"column":15},"end":{"line":40,"column":15}}]}}},
"contracts/modules/chainlink-ace/custom/MintBurnExtractor.sol":{"l":{"36":22,"37":22,"38":22,"39":22,"41":22,"42":17,"44":17,"46":3,"48":3,"50":1,"51":1,"53":1,"55":1,"58":21,"59":21,"60":21,"61":21,"62":21,"63":21},"path":"/home/ryan/Pictures/CMTAT-ACE/contracts/modules/chainlink-ace/custom/MintBurnExtractor.sol","s":{"1":22,"2":22,"3":22,"4":22,"5":22,"6":5,"7":2,"8":21,"9":21},"b":{"1":[17,5],"2":[3,2],"3":[1,1]},"f":{"1":22},"fnMap":{"1":{"name":"extract","line":33,"loc":{"start":{"line":33,"column":4},"end":{"line":64,"column":4}}}},"statementMap":{"1":{"start":{"line":36,"column":8},"end":{"line":36,"column":23}},"2":{"start":{"line":37,"column":8},"end":{"line":37,"column":22}},"3":{"start":{"line":38,"column":8},"end":{"line":38,"column":20}},"4":{"start":{"line":39,"column":8},"end":{"line":39,"column":18}},"5":{"start":{"line":41,"column":8},"end":{"line":41,"column":2005}},"6":{"start":{"line":45,"column":15},"end":{"line":45,"column":2240}},"7":{"start":{"line":49,"column":15},"end":{"line":49,"column":2481}},"8":{"start":{"line":58,"column":8},"end":{"line":58,"column":82}},"9":{"start":{"line":63,"column":8},"end":{"line":63,"column":21}}},"branchMap":{"1":{"line":41,"type":"if","locations":[{"start":{"line":41,"column":8},"end":{"line":41,"column":8}},{"start":{"line":41,"column":8},"end":{"line":41,"column":8}}]},"2":{"line":45,"type":"if","locations":[{"start":{"line":45,"column":15},"end":{"line":45,"column":15}},{"start":{"line":45,"column":15},"end":{"line":45,"column":15}}]},"3":{"line":49,"type":"if","locations":[{"start":{"line":49,"column":15},"end":{"line":49,"column":15}},{"start":{"line":49,"column":15},"end":{"line":49,"column":15}}]}}},
"contracts/modules/chainlink-ace/custom/TransferValidationPolicy.sol":{"l":{"42":138,"53":69,"54":64,"55":64,"56":64,"57":71,"58":70,"68":3,"69":3,"70":3,"71":3,"72":4,"73":3,"75":2,"82":1,"89":1,"113":69,"114":69,"116":69,"118":50,"119":50,"120":50,"121":50,"123":50,"124":52,"125":52,"126":21,"127":21,"132":15,"133":15,"134":15,"136":15,"137":15,"138":15,"139":6,"140":6,"145":4,"148":38},"path":"/home/ryan/Pictures/CMTAT-ACE/contracts/modules/chainlink-ace/custom/TransferValidationPolicy.sol","s":{"1":69,"2":64,"3":64,"4":64,"5":71,"6":70,"7":3,"8":3,"9":3,"10":4,"11":3,"12":2,"13":1,"14":1,"15":69,"16":69,"17":69,"18":50,"19":50,"20":50,"21":50,"22":50,"23":52,"24":52,"25":21,"26":19,"27":15,"28":15,"29":15,"30":15,"31":15,"32":15,"33":6,"34":38},"b":{"1":[69,0],"2":[64,5],"3":[70,1],"4":[3,1],"5":[3,1],"6":[50,19],"7":[21,31],"8":[15,4],"9":[6,9]},"f":{"1":138,"2":69,"3":3,"4":1,"5":1,"6":69},"fnMap":{"1":{"name":"_getStorage","line":41,"loc":{"start":{"line":41,"column":4},"end":{"line":45,"column":4}}},"2":{"name":"configure","line":52,"loc":{"start":{"line":52,"column":4},"end":{"line":61,"column":4}}},"3":{"name":"setRules","line":67,"loc":{"start":{"line":67,"column":4},"end":{"line":76,"column":4}}},"4":{"name":"rules","line":81,"loc":{"start":{"line":81,"column":4},"end":{"line":83,"column":4}}},"5":{"name":"rulesCount","line":88,"loc":{"start":{"line":88,"column":4},"end":{"line":90,"column":4}}},"6":{"name":"run","line":106,"loc":{"start":{"line":106,"column":4},"end":{"line":149,"column":4}}}},"statementMap":{"1":{"start":{"line":53,"column":8},"end":{"line":53,"column":2163}},"2":{"start":{"line":54,"column":12},"end":{"line":54,"column":76}},"3":{"start":{"line":55,"column":12},"end":{"line":55,"column":63}},"4":{"start":{"line":56,"column":12},"end":{"line":56,"column":2351}},"5":{"start":{"line":57,"column":16},"end":{"line":57,"column":69}},"6":{"start":{"line":58,"column":16},"end":{"line":58,"column":48}},"7":{"start":{"line":68,"column":8},"end":{"line":68,"column":59}},"8":{"start":{"line":69,"column":8},"end":{"line":69,"column":46}},"9":{"start":{"line":71,"column":8},"end":{"line":71,"column":2880}},"10":{"start":{"line":72,"column":12},"end":{"line":72,"column":71}},"11":{"start":{"line":73,"column":12},"end":{"line":73,"column":34}},"12":{"start":{"line":75,"column":8},"end":{"line":75,"column":55}},"13":{"start":{"line":82,"column":8},"end":{"line":82,"column":34}},"14":{"start":{"line":89,"column":8},"end":{"line":89,"column":41}},"15":{"start":{"line":113,"column":8},"end":{"line":113,"column":59}},"16":{"start":{"line":114,"column":8},"end":{"line":114,"column":36}},"17":{"start":{"line":116,"column":8},"end":{"line":116,"column":4630}},"18":{"start":{"line":118,"column":12},"end":{"line":118,"column":66}},"19":{"start":{"line":119,"column":12},"end":{"line":119,"column":63}},"20":{"start":{"line":120,"column":12},"end":{"line":120,"column":61}},"21":{"start":{"line":121,"column":12},"end":{"line":121,"column":65}},"22":{"start":{"line":123,"column":12},"end":{"line":123,"column":5018}},"23":{"start":{"line":124,"column":16},"end":{"line":124,"column":96}},"24":{"start":{"line":125,"column":16},"end":{"line":125,"column":5172}},"25":{"start":{"line":126,"column":20},"end":{"line":126,"column":90}},"26":{"start":{"line":130,"column":15},"end":{"line":130,"column":5386}},"27":{"start":{"line":132,"column":12},"end":{"line":132,"column":63}},"28":{"start":{"line":133,"column":12},"end":{"line":133,"column":61}},"29":{"start":{"line":134,"column":12},"end":{"line":134,"column":65}},"30":{"start":{"line":136,"column":12},"end":{"line":136,"column":5693}},"31":{"start":{"line":137,"column":16},"end":{"line":137,"column":83}},"32":{"start":{"line":138,"column":16},"end":{"line":138,"column":5834}},"33":{"start":{"line":139,"column":20},"end":{"line":139,"column":90}},"34":{"start":{"line":148,"column":8},"end":{"line":148,"column":50}}},"branchMap":{"1":{"line":52,"type":"if","locations":[{"start":{"line":52,"column":68},"end":{"line":52,"column":68}},{"start":{"line":52,"column":68},"end":{"line":52,"column":68}}]},"2":{"line":53,"type":"if","locations":[{"start":{"line":53,"column":8},"end":{"line":53,"column":8}},{"start":{"line":53,"column":8},"end":{"line":53,"column":8}}]},"3":{"line":57,"type":"if","locations":[{"start":{"line":57,"column":16},"end":{"line":57,"column":16}},{"start":{"line":57,"column":16},"end":{"line":57,"column":16}}]},"4":{"line":67,"type":"if","locations":[{"start":{"line":67,"column":56},"end":{"line":67,"column":56}},{"start":{"line":67,"column":56},"end":{"line":67,"column":56}}]},"5":{"line":72,"type":"if","locations":[{"start":{"line":72,"column":12},"end":{"line":72,"column":12}},{"start":{"line":72,"column":12},"end":{"line":72,"column":12}}]},"6":{"line":116,"type":"if","locations":[{"start":{"line":116,"column":8},"end":{"line":116,"column":8}},{"start":{"line":116,"column":8},"end":{"line":116,"column":8}}]},"7":{"line":125,"type":"if","locations":[{"start":{"line":125,"column":16},"end":{"line":125,"column":16}},{"start":{"line":125,"column":16},"end":{"line":125,"column":16}}]},"8":{"line":130,"type":"if","locations":[{"start":{"line":130,"column":15},"end":{"line":130,"column":15}},{"start":{"line":130,"column":15},"end":{"line":130,"column":15}}]},"9":{"line":138,"type":"if","locations":[{"start":{"line":138,"column":16},"end":{"line":138,"column":16}},{"start":{"line":138,"column":16},"end":{"line":138,"column":16}}]}}},
"contracts/modules/chainlink-ace/mocks/CanSendReceiveOverrideMock.sol":{"l":{"29":2,"33":2,"37":6,"41":4},"path":"/home/ryan/Pictures/CMTAT-ACE/contracts/modules/chainlink-ace/mocks/CanSendReceiveOverrideMock.sol","s":{"1":6,"2":4},"b":{},"f":{"1":5,"2":2,"3":2,"4":6,"5":4},"fnMap":{"1":{"name":"constructor","line":26,"loc":{"start":{"line":21,"column":4},"end":{"line":26,"column":108}}},"2":{"name":"setSendAllowed","line":28,"loc":{"start":{"line":28,"column":4},"end":{"line":30,"column":4}}},"3":{"name":"setReceiveAllowed","line":32,"loc":{"start":{"line":32,"column":4},"end":{"line":34,"column":4}}},"4":{"name":"canSend","line":36,"loc":{"start":{"line":36,"column":4},"end":{"line":38,"column":4}}},"5":{"name":"canReceive","line":40,"loc":{"start":{"line":40,"column":4},"end":{"line":42,"column":4}}}},"statementMap":{"1":{"start":{"line":37,"column":8},"end":{"line":37,"column":27}},"2":{"start":{"line":41,"column":8},"end":{"line":41,"column":30}}},"branchMap":{}},
"contracts/modules/chainlink-ace/mocks/TransferRuleMocks.sol":{"l":{"24":42,"32":38,"41":27,"45":4,"54":2,"62":2,"63":2,"67":2,"68":2,"72":3,"76":3,"80":10,"105":8,"106":7,"110":60,"111":60,"112":58,"113":58,"118":7,"119":7,"127":55,"128":48,"129":29,"138":32,"142":4,"151":2,"159":3,"160":3,"167":2,"168":2,"175":3,"179":4,"183":22,"184":17,"185":1},"path":"/home/ryan/Pictures/CMTAT-ACE/contracts/modules/chainlink-ace/mocks/TransferRuleMocks.sol","s":{"1":38,"2":27,"3":4,"4":2,"5":2,"6":2,"7":2,"8":2,"9":3,"10":3,"11":10,"12":8,"13":60,"14":58,"15":7,"16":55,"17":7,"18":48,"19":19,"20":29,"21":32,"22":4,"23":2,"24":3,"25":3,"26":2,"27":2,"28":3,"29":4,"30":22,"31":5,"32":17,"33":16,"34":1},"b":{"1":[14,24],"2":[1,1],"3":[1,1],"4":[9,1],"5":[7,1],"6":[7,1],"7":[7,48],"8":[19,29],"9":[2,1],"10":[1,1],"11":[1,1],"12":[5,17],"13":[16,1]},"f":{"1":42,"2":38,"3":27,"4":4,"5":2,"6":2,"7":2,"8":3,"9":3,"10":10,"11":8,"12":60,"13":7,"14":55,"15":32,"16":4,"17":2,"18":3,"19":2,"20":3,"21":4,"22":22},"fnMap":{"1":{"name":"constructor","line":23,"loc":{"start":{"line":23,"column":4},"end":{"line":25,"column":4}}},"2":{"name":"detectTransferRestriction","line":27,"loc":{"start":{"line":27,"column":4},"end":{"line":33,"column":4}}},"3":{"name":"detectTransferRestrictionFrom","line":35,"loc":{"start":{"line":35,"column":4},"end":{"line":42,"column":4}}},"4":{"name":"canTransfer","line":44,"loc":{"start":{"line":44,"column":4},"end":{"line":46,"column":4}}},"5":{"name":"canTransferFrom","line":48,"loc":{"start":{"line":48,"column":4},"end":{"line":55,"column":4}}},"6":{"name":"transferred","line":61,"loc":{"start":{"line":61,"column":4},"end":{"line":64,"column":4}}},"7":{"name":"transferred","line":66,"loc":{"start":{"line":66,"column":4},"end":{"line":69,"column":4}}},"8":{"name":"supportsInterface","line":71,"loc":{"start":{"line":71,"column":4},"end":{"line":73,"column":4}}},"9":{"name":"canReturnTransferRestrictionCode","line":75,"loc":{"start":{"line":75,"column":4},"end":{"line":77,"column":4}}},"10":{"name":"messageForTransferRestriction","line":79,"loc":{"start":{"line":79,"column":4},"end":{"line":81,"column":4}}},"11":{"name":"onlyOwner","line":104,"loc":{"start":{"line":104,"column":4},"end":{"line":107,"column":4}}},"12":{"name":"constructor","line":109,"loc":{"start":{"line":109,"column":4},"end":{"line":115,"column":4}}},"13":{"name":"setRestricted","line":117,"loc":{"start":{"line":117,"column":4},"end":{"line":120,"column":4}}},"14":{"name":"detectTransferRestriction","line":122,"loc":{"start":{"line":122,"column":4},"end":{"line":130,"column":4}}},"15":{"name":"detectTransferRestrictionFrom","line":132,"loc":{"start":{"line":132,"column":4},"end":{"line":139,"column":4}}},"16":{"name":"canTransfer","line":141,"loc":{"start":{"line":141,"column":4},"end":{"line":143,"column":4}}},"17":{"name":"canTransferFrom","line":145,"loc":{"start":{"line":145,"column":4},"end":{"line":152,"column":4}}},"18":{"name":"transferred","line":158,"loc":{"start":{"line":158,"column":4},"end":{"line":164,"column":4}}},"19":{"name":"transferred","line":166,"loc":{"start":{"line":166,"column":4},"end":{"line":172,"column":4}}},"20":{"name":"supportsInterface","line":174,"loc":{"start":{"line":174,"column":4},"end":{"line":176,"column":4}}},"21":{"name":"canReturnTransferRestrictionCode","line":178,"loc":{"start":{"line":178,"column":4},"end":{"line":180,"column":4}}},"22":{"name":"messageForTransferRestriction","line":182,"loc":{"start":{"line":182,"column":4},"end":{"line":186,"column":4}}}},"statementMap":{"1":{"start":{"line":32,"column":8},"end":{"line":32,"column":91}},"2":{"start":{"line":41,"column":8},"end":{"line":41,"column":58}},"3":{"start":{"line":45,"column":8},"end":{"line":45,"column":63}},"4":{"start":{"line":54,"column":8},"end":{"line":54,"column":44}},"5":{"start":{"line":62,"column":8},"end":{"line":62,"column":63}},"6":{"start":{"line":63,"column":8},"end":{"line":63,"column":115}},"7":{"start":{"line":67,"column":8},"end":{"line":67,"column":76}},"8":{"start":{"line":68,"column":8},"end":{"line":68,"column":115}},"9":{"start":{"line":72,"column":8},"end":{"line":72,"column":53}},"10":{"start":{"line":76,"column":8},"end":{"line":76,"column":38}},"11":{"start":{"line":80,"column":8},"end":{"line":80,"column":82}},"12":{"start":{"line":105,"column":8},"end":{"line":105,"column":48}},"13":{"start":{"line":111,"column":8},"end":{"line":111,"column":3947}},"14":{"start":{"line":113,"column":12},"end":{"line":113,"column":57}},"15":{"start":{"line":119,"column":8},"end":{"line":119,"column":48}},"16":{"start":{"line":127,"column":8},"end":{"line":127,"column":52}},"17":{"start":{"line":127,"column":30},"end":{"line":127,"column":52}},"18":{"start":{"line":128,"column":8},"end":{"line":128,"column":48}},"19":{"start":{"line":128,"column":28},"end":{"line":128,"column":48}},"20":{"start":{"line":129,"column":8},"end":{"line":129,"column":52}},"21":{"start":{"line":138,"column":8},"end":{"line":138,"column":58}},"22":{"start":{"line":142,"column":8},"end":{"line":142,"column":63}},"23":{"start":{"line":151,"column":8},"end":{"line":151,"column":44}},"24":{"start":{"line":159,"column":8},"end":{"line":159,"column":63}},"25":{"start":{"line":160,"column":8},"end":{"line":160,"column":5612}},"26":{"start":{"line":167,"column":8},"end":{"line":167,"column":76}},"27":{"start":{"line":168,"column":8},"end":{"line":168,"column":5965}},"28":{"start":{"line":175,"column":8},"end":{"line":175,"column":53}},"29":{"start":{"line":179,"column":8},"end":{"line":179,"column":63}},"30":{"start":{"line":183,"column":8},"end":{"line":183,"column":66}},"31":{"start":{"line":183,"column":37},"end":{"line":183,"column":66}},"32":{"start":{"line":184,"column":8},"end":{"line":184,"column":67}},"33":{"start":{"line":184,"column":35},"end":{"line":184,"column":67}},"34":{"start":{"line":185,"column":8},"end":{"line":185,"column":29}}},"branchMap":{"1":{"line":32,"type":"if","locations":[{"start":{"line":32,"column":36},"end":{"line":32,"column":50}},{"start":{"line":32,"column":54},"end":{"line":32,"column":90}}]},"2":{"line":63,"type":"if","locations":[{"start":{"line":63,"column":8},"end":{"line":63,"column":8}},{"start":{"line":63,"column":8},"end":{"line":63,"column":8}}]},"3":{"line":68,"type":"if","locations":[{"start":{"line":68,"column":8},"end":{"line":68,"column":8}},{"start":{"line":68,"column":8},"end":{"line":68,"column":8}}]},"4":{"line":80,"type":"if","locations":[{"start":{"line":80,"column":41},"end":{"line":80,"column":64}},{"start":{"line":80,"column":68},"end":{"line":80,"column":81}}]},"5":{"line":105,"type":"if","locations":[{"start":{"line":105,"column":8},"end":{"line":105,"column":8}},{"start":{"line":105,"column":8},"end":{"line":105,"column":8}}]},"6":{"line":117,"type":"if","locations":[{"start":{"line":117,"column":66},"end":{"line":117,"column":66}},{"start":{"line":117,"column":66},"end":{"line":117,"column":66}}]},"7":{"line":127,"type":"if","locations":[{"start":{"line":127,"column":8},"end":{"line":127,"column":8}},{"start":{"line":127,"column":8},"end":{"line":127,"column":8}}]},"8":{"line":128,"type":"if","locations":[{"start":{"line":128,"column":8},"end":{"line":128,"column":8}},{"start":{"line":128,"column":8},"end":{"line":128,"column":8}}]},"9":{"line":160,"type":"if","locations":[{"start":{"line":160,"column":8},"end":{"line":160,"column":8}},{"start":{"line":160,"column":8},"end":{"line":160,"column":8}}]},"10":{"line":168,"type":"if","locations":[{"start":{"line":168,"column":8},"end":{"line":168,"column":8}},{"start":{"line":168,"column":8},"end":{"line":168,"column":8}}]},"11":{"line":179,"type":"cond-expr","locations":[{"start":{"line":179,"column":15},"end":{"line":179,"column":37}},{"start":{"line":179,"column":42},"end":{"line":179,"column":62}}]},"12":{"line":183,"type":"if","locations":[{"start":{"line":183,"column":8},"end":{"line":183,"column":8}},{"start":{"line":183,"column":8},"end":{"line":183,"column":8}}]},"13":{"line":184,"type":"if","locations":[{"start":{"line":184,"column":8},"end":{"line":184,"column":8}},{"start":{"line":184,"column":8},"end":{"line":184,"column":8}}]}}},
"contracts/modules/lite/CCTCMTATBaseERC1404.sol":{"l":{"40":12,"44":1,"46":1,"48":10,"64":10,"65":10,"66":6,"68":4,"69":2,"71":2,"84":4,"85":4,"86":2,"88":2,"89":1,"91":1,"102":246,"114":35,"125":13,"126":13,"127":1,"128":1,"129":1,"132":12,"138":9},"path":"/home/ryan/Pictures/CMTAT-ACE/contracts/modules/lite/CCTCMTATBaseERC1404.sol","s":{"1":12,"2":1,"3":11,"4":1,"5":10,"6":10,"7":6,"8":4,"9":2,"10":2,"11":4,"12":2,"13":2,"14":1,"15":1,"16":246,"17":35,"18":13,"19":13,"20":1,"21":1,"22":1,"23":12,"24":9},"b":{"1":[1,11],"2":[1,10],"3":[6,4],"4":[2,2],"5":[2,2],"6":[1,1],"7":[1,12],"8":[1,0]},"f":{"1":12,"2":10,"3":4,"4":246,"5":35,"6":13,"7":9},"fnMap":{"1":{"name":"messageForTransferRestriction","line":37,"loc":{"start":{"line":37,"column":4},"end":{"line":50,"column":4}}},"2":{"name":"detectTransferRestriction","line":59,"loc":{"start":{"line":59,"column":4},"end":{"line":72,"column":4}}},"3":{"name":"detectTransferRestrictionFrom","line":78,"loc":{"start":{"line":78,"column":4},"end":{"line":92,"column":4}}},"4":{"name":"canTransfer","line":97,"loc":{"start":{"line":97,"column":4},"end":{"line":103,"column":4}}},"5":{"name":"canTransferFrom","line":108,"loc":{"start":{"line":108,"column":4},"end":{"line":115,"column":4}}},"6":{"name":"_detectTransferRestriction","line":120,"loc":{"start":{"line":120,"column":4},"end":{"line":133,"column":4}}},"7":{"name":"supportsInterface","line":135,"loc":{"start":{"line":135,"column":4},"end":{"line":139,"column":4}}}},"statementMap":{"1":{"start":{"line":40,"column":8},"end":{"line":40,"column":1949}},"2":{"start":{"line":44,"column":12},"end":{"line":44,"column":74}},"3":{"start":{"line":45,"column":15},"end":{"line":45,"column":2192}},"4":{"start":{"line":46,"column":12},"end":{"line":46,"column":58}},"5":{"start":{"line":48,"column":12},"end":{"line":48,"column":95}},"6":{"start":{"line":65,"column":8},"end":{"line":65,"column":3186}},"7":{"start":{"line":66,"column":12},"end":{"line":66,"column":23}},"8":{"start":{"line":68,"column":8},"end":{"line":68,"column":3297}},"9":{"start":{"line":69,"column":12},"end":{"line":69,"column":58}},"10":{"start":{"line":71,"column":8},"end":{"line":71,"column":19}},"11":{"start":{"line":85,"column":8},"end":{"line":85,"column":3993}},"12":{"start":{"line":86,"column":12},"end":{"line":86,"column":23}},"13":{"start":{"line":88,"column":8},"end":{"line":88,"column":4104}},"14":{"start":{"line":89,"column":12},"end":{"line":89,"column":58}},"15":{"start":{"line":91,"column":8},"end":{"line":91,"column":19}},"16":{"start":{"line":102,"column":8},"end":{"line":102,"column":68}},"17":{"start":{"line":114,"column":8},"end":{"line":114,"column":81}},"18":{"start":{"line":125,"column":8},"end":{"line":125,"column":80}},"19":{"start":{"line":126,"column":8},"end":{"line":126,"column":5444}},"20":{"start":{"line":127,"column":12},"end":{"line":127,"column":88}},"21":{"start":{"line":128,"column":12},"end":{"line":128,"column":5579}},"22":{"start":{"line":129,"column":16},"end":{"line":129,"column":114}},"23":{"start":{"line":132,"column":8},"end":{"line":132,"column":88}},"24":{"start":{"line":138,"column":8},"end":{"line":138,"column":70}}},"branchMap":{"1":{"line":40,"type":"if","locations":[{"start":{"line":40,"column":8},"end":{"line":40,"column":8}},{"start":{"line":40,"column":8},"end":{"line":40,"column":8}}]},"2":{"line":45,"type":"if","locations":[{"start":{"line":45,"column":15},"end":{"line":45,"column":15}},{"start":{"line":45,"column":15},"end":{"line":45,"column":15}}]},"3":{"line":65,"type":"if","locations":[{"start":{"line":65,"column":8},"end":{"line":65,"column":8}},{"start":{"line":65,"column":8},"end":{"line":65,"column":8}}]},"4":{"line":68,"type":"if","locations":[{"start":{"line":68,"column":8},"end":{"line":68,"column":8}},{"start":{"line":68,"column":8},"end":{"line":68,"column":8}}]},"5":{"line":85,"type":"if","locations":[{"start":{"line":85,"column":8},"end":{"line":85,"column":8}},{"start":{"line":85,"column":8},"end":{"line":85,"column":8}}]},"6":{"line":88,"type":"if","locations":[{"start":{"line":88,"column":8},"end":{"line":88,"column":8}},{"start":{"line":88,"column":8},"end":{"line":88,"column":8}}]},"7":{"line":126,"type":"if","locations":[{"start":{"line":126,"column":8},"end":{"line":126,"column":8}},{"start":{"line":126,"column":8},"end":{"line":126,"column":8}}]},"8":{"line":128,"type":"if","locations":[{"start":{"line":128,"column":12},"end":{"line":128,"column":12}},{"start":{"line":128,"column":12},"end":{"line":128,"column":12}}]}}},
"contracts/modules/lite/CCTCMTATBaseERC20CrossChain.sol":{"l":{"23":127,"29":108,"39":35,"48":860,"49":832,"59":154,"60":128,"71":27,"72":18,"79":10,"86":10,"93":10,"100":16,"126":45},"path":"/home/ryan/Pictures/CMTAT-ACE/contracts/modules/lite/CCTCMTATBaseERC20CrossChain.sol","s":{"1":127,"2":108,"3":35,"4":860,"5":832,"6":154,"7":128,"8":27,"9":18,"10":10,"11":10,"12":10,"13":16,"14":45},"b":{"1":[127,3],"2":[7,5],"3":[9,3],"4":[45,12],"5":[17,3],"6":[11,6],"7":[18,6],"8":[12,6]},"f":{"1":127,"2":108,"3":35,"4":860,"5":154,"6":27,"7":10,"8":10,"9":10,"10":16,"11":9,"12":45,"13":11,"14":12},"fnMap":{"1":{"name":"approve","line":22,"loc":{"start":{"line":19,"column":4},"end":{"line":24,"column":4}}},"2":{"name":"transfer","line":25,"loc":{"start":{"line":25,"column":4},"end":{"line":30,"column":4}}},"3":{"name":"transferFrom","line":34,"loc":{"start":{"line":34,"column":4},"end":{"line":40,"column":4}}},"4":{"name":"_mintOverride","line":44,"loc":{"start":{"line":44,"column":4},"end":{"line":50,"column":4}}},"5":{"name":"_burnOverride","line":55,"loc":{"start":{"line":55,"column":4},"end":{"line":61,"column":4}}},"6":{"name":"_minterTransferOverride","line":66,"loc":{"start":{"line":66,"column":4},"end":{"line":73,"column":4}}},"7":{"name":"decimals","line":78,"loc":{"start":{"line":78,"column":4},"end":{"line":80,"column":4}}},"8":{"name":"name","line":85,"loc":{"start":{"line":85,"column":4},"end":{"line":87,"column":4}}},"9":{"name":"symbol","line":92,"loc":{"start":{"line":92,"column":4},"end":{"line":94,"column":4}}},"10":{"name":"supportsInterface","line":97,"loc":{"start":{"line":97,"column":4},"end":{"line":103,"column":4}}},"11":{"name":"_authorizeCCIPSetAdmin","line":114,"loc":{"start":{"line":114,"column":4},"end":{"line":114,"column":106}}},"12":{"name":"_checkTokenBridge","line":125,"loc":{"start":{"line":125,"column":4},"end":{"line":127,"column":4}}},"13":{"name":"_authorizeBurnFrom","line":139,"loc":{"start":{"line":134,"column":4},"end":{"line":140,"column":5}}},"14":{"name":"_authorizeSelfBurn","line":152,"loc":{"start":{"line":147,"column":4},"end":{"line":153,"column":5}}}},"statementMap":{"1":{"start":{"line":23,"column":8},"end":{"line":23,"column":55}},"2":{"start":{"line":29,"column":8},"end":{"line":29,"column":50}},"3":{"start":{"line":39,"column":8},"end":{"line":39,"column":60}},"4":{"start":{"line":48,"column":8},"end":{"line":48,"column":64}},"5":{"start":{"line":49,"column":8},"end":{"line":49,"column":60}},"6":{"start":{"line":59,"column":8},"end":{"line":59,"column":64}},"7":{"start":{"line":60,"column":8},"end":{"line":60,"column":60}},"8":{"start":{"line":71,"column":8},"end":{"line":71,"column":53}},"9":{"start":{"line":72,"column":8},"end":{"line":72,"column":71}},"10":{"start":{"line":79,"column":8},"end":{"line":79,"column":41}},"11":{"start":{"line":86,"column":8},"end":{"line":86,"column":37}},"12":{"start":{"line":93,"column":8},"end":{"line":93,"column":39}},"13":{"start":{"line":100,"column":8},"end":{"line":100,"column":3695}},"14":{"start":{"line":126,"column":8},"end":{"line":126,"column":68}}},"branchMap":{"1":{"line":22,"type":"if","locations":[{"start":{"line":22,"column":48},"end":{"line":22,"column":48}},{"start":{"line":22,"column":48},"end":{"line":22,"column":48}}]},"2":{"line":101,"type":"cond-expr","locations":[{"start":{"line":101,"column":12},"end":{"line":101,"column":64}},{"start":{"line":102,"column":12},"end":{"line":102,"column":62}}]},"3":{"line":114,"type":"if","locations":[{"start":{"line":114,"column":76},"end":{"line":114,"column":76}},{"start":{"line":114,"column":76},"end":{"line":114,"column":76}}]},"4":{"line":125,"type":"if","locations":[{"start":{"line":125,"column":96},"end":{"line":125,"column":96}},{"start":{"line":125,"column":96},"end":{"line":125,"column":96}}]},"5":{"line":138,"type":"if","locations":[{"start":{"line":138,"column":8},"end":{"line":138,"column":8}},{"start":{"line":138,"column":8},"end":{"line":138,"column":8}}]},"6":{"line":139,"type":"if","locations":[{"start":{"line":139,"column":8},"end":{"line":139,"column":8}},{"start":{"line":139,"column":8},"end":{"line":139,"column":8}}]},"7":{"line":151,"type":"if","locations":[{"start":{"line":151,"column":8},"end":{"line":151,"column":8}},{"start":{"line":151,"column":8},"end":{"line":151,"column":8}}]},"8":{"line":152,"type":"if","locations":[{"start":{"line":152,"column":8},"end":{"line":152,"column":8}},{"start":{"line":152,"column":8},"end":{"line":152,"column":8}}]}}},
"contracts/modules/lite/CCTCMTATBasePolicyEngine.sol":{"l":{"45":111,"57":111,"71":111,"74":111,"77":111,"80":111,"83":111,"93":111,"107":246,"108":246,"109":91,"111":155,"124":35,"125":35,"126":12,"128":23,"166":1184,"167":1160,"176":9},"path":"/home/ryan/Pictures/CMTAT-ACE/contracts/modules/lite/CCTCMTATBasePolicyEngine.sol","s":{"1":111,"2":111,"3":111,"4":111,"5":111,"6":111,"7":111,"8":111,"9":246,"10":246,"11":91,"12":155,"13":35,"14":35,"15":12,"16":23,"17":1184,"18":1160,"19":9},"b":{"1":[111,2],"2":[111,0],"3":[111,0],"4":[111,0],"5":[91,155],"6":[12,23],"7":[3,1],"8":[102,6],"9":[43,3],"10":[89,9],"11":[1058,102],"12":[1,3],"13":[3,1]},"f":{"1":111,"2":111,"3":111,"4":111,"5":246,"6":35,"7":3,"8":114,"9":102,"10":43,"11":89,"12":1184,"13":9},"fnMap":{"1":{"name":"initialize","line":44,"loc":{"start":{"line":39,"column":4},"end":{"line":46,"column":4}}},"2":{"name":"_initialize","line":56,"loc":{"start":{"line":51,"column":4},"end":{"line":58,"column":4}}},"3":{"name":"__CMTAT_init","line":68,"loc":{"start":{"line":63,"column":4},"end":{"line":84,"column":4}}},"4":{"name":"__CMTAT_openzeppelin_init_unchained","line":91,"loc":{"start":{"line":89,"column":4},"end":{"line":94,"column":4}}},"5":{"name":"canTransfer","line":102,"loc":{"start":{"line":102,"column":4},"end":{"line":113,"column":4}}},"6":{"name":"canTransferFrom","line":118,"loc":{"start":{"line":118,"column":4},"end":{"line":130,"column":4}}},"7":{"name":"_authorizeAttachPolicyEngine","line":132,"loc":{"start":{"line":132,"column":4},"end":{"line":132,"column":107}}},"8":{"name":"_validatePolicyEngine","line":148,"loc":{"start":{"line":148,"column":4},"end":{"line":148,"column":103}}},"9":{"name":"_authorizePause","line":154,"loc":{"start":{"line":154,"column":4},"end":{"line":154,"column":93}}},"10":{"name":"_authorizeDeactivate","line":155,"loc":{"start":{"line":155,"column":4},"end":{"line":155,"column":105}}},"11":{"name":"_authorizeFreeze","line":157,"loc":{"start":{"line":157,"column":4},"end":{"line":157,"column":102}}},"12":{"name":"_checkTransferred","line":160,"loc":{"start":{"line":160,"column":4},"end":{"line":171,"column":4}}},"13":{"name":"supportsInterface","line":173,"loc":{"start":{"line":173,"column":4},"end":{"line":180,"column":4}}}},"statementMap":{"1":{"start":{"line":45,"column":8},"end":{"line":45,"column":87}},"2":{"start":{"line":57,"column":8},"end":{"line":57,"column":88}},"3":{"start":{"line":71,"column":8},"end":{"line":71,"column":33}},"4":{"start":{"line":74,"column":8},"end":{"line":74,"column":32}},"5":{"start":{"line":77,"column":8},"end":{"line":77,"column":60}},"6":{"start":{"line":80,"column":8},"end":{"line":80,"column":97}},"7":{"start":{"line":83,"column":8},"end":{"line":83,"column":58}},"8":{"start":{"line":93,"column":8},"end":{"line":93,"column":77}},"9":{"start":{"line":107,"column":8},"end":{"line":107,"column":90}},"10":{"start":{"line":108,"column":8},"end":{"line":108,"column":4540}},"11":{"start":{"line":109,"column":12},"end":{"line":109,"column":24}},"12":{"start":{"line":111,"column":12},"end":{"line":111,"column":76}},"13":{"start":{"line":124,"column":8},"end":{"line":124,"column":90}},"14":{"start":{"line":125,"column":8},"end":{"line":125,"column":5059}},"15":{"start":{"line":126,"column":12},"end":{"line":126,"column":24}},"16":{"start":{"line":128,"column":12},"end":{"line":128,"column":89}},"17":{"start":{"line":166,"column":8},"end":{"line":166,"column":66}},"18":{"start":{"line":167,"column":8},"end":{"line":167,"column":7311}},"19":{"start":{"line":176,"column":8},"end":{"line":176,"column":7710}}},"branchMap":{"1":{"line":44,"type":"if","locations":[{"start":{"line":44,"column":21},"end":{"line":44,"column":21}},{"start":{"line":44,"column":21},"end":{"line":44,"column":21}}]},"2":{"line":56,"type":"if","locations":[{"start":{"line":56,"column":23},"end":{"line":56,"column":23}},{"start":{"line":56,"column":23},"end":{"line":56,"column":23}}]},"3":{"line":68,"type":"if","locations":[{"start":{"line":68,"column":23},"end":{"line":68,"column":23}},{"start":{"line":68,"column":23},"end":{"line":68,"column":23}}]},"4":{"line":91,"type":"if","locations":[{"start":{"line":91,"column":23},"end":{"line":91,"column":23}},{"start":{"line":91,"column":23},"end":{"line":91,"column":23}}]},"5":{"line":108,"type":"if","locations":[{"start":{"line":108,"column":8},"end":{"line":108,"column":8}},{"start":{"line":108,"column":8},"end":{"line":108,"column":8}}]},"6":{"line":125,"type":"if","locations":[{"start":{"line":125,"column":8},"end":{"line":125,"column":8}},{"start":{"line":125,"column":8},"end":{"line":125,"column":8}}]},"7":{"line":132,"type":"if","locations":[{"start":{"line":132,"column":77},"end":{"line":132,"column":77}},{"start":{"line":132,"column":77},"end":{"line":132,"column":77}}]},"8":{"line":154,"type":"if","locations":[{"start":{"line":154,"column":70},"end":{"line":154,"column":70}},{"start":{"line":154,"column":70},"end":{"line":154,"column":70}}]},"9":{"line":155,"type":"if","locations":[{"start":{"line":155,"column":75},"end":{"line":155,"column":75}},{"start":{"line":155,"column":75},"end":{"line":155,"column":75}}]},"10":{"line":157,"type":"if","locations":[{"start":{"line":157,"column":77},"end":{"line":157,"column":77}},{"start":{"line":157,"column":77},"end":{"line":157,"column":77}}]},"11":{"line":167,"type":"if","locations":[{"start":{"line":167,"column":8},"end":{"line":167,"column":8}},{"start":{"line":167,"column":8},"end":{"line":167,"column":8}}]},"12":{"line":177,"type":"cond-expr","locations":[{"start":{"line":177,"column":12},"end":{"line":177,"column":60}},{"start":{"line":178,"column":12},"end":{"line":178,"column":64}}]},"13":{"line":177,"type":"cond-expr","locations":[{"start":{"line":177,"column":12},"end":{"line":178,"column":64}},{"start":{"line":179,"column":12},"end":{"line":179,"column":72}}]}}},
"contracts/modules/lite/PolicyValidationModuleERC1404.sol":{"l":{"45":10,"46":2,"48":1,"50":1,"52":2,"54":2,"56":1,"58":1,"75":10,"76":10,"77":6,"79":4,"89":4,"90":1,"92":3,"93":3,"94":1,"96":2,"113":12,"114":1,"116":1,"118":2,"120":2,"122":6},"path":"/home/ryan/Pictures/CMTAT-ACE/contracts/modules/lite/PolicyValidationModuleERC1404.sol","s":{"1":10,"2":2,"3":8,"4":1,"5":7,"6":1,"7":6,"8":2,"9":4,"10":2,"11":2,"12":1,"13":1,"14":10,"15":10,"16":6,"17":4,"18":4,"19":1,"20":3,"21":3,"22":1,"23":2,"24":12,"25":1,"26":11,"27":1,"28":10,"29":2,"30":8,"31":2,"32":6},"b":{"1":[2,8],"2":[1,7],"3":[1,6],"4":[2,4],"5":[2,2],"6":[1,1],"7":[6,4],"8":[1,3],"9":[1,2],"10":[1,11],"11":[1,10],"12":[2,8],"13":[2,6]},"f":{"1":10,"2":10,"3":4,"4":12},"fnMap":{"1":{"name":"messageForTransferRestriction","line":42,"loc":{"start":{"line":42,"column":4},"end":{"line":60,"column":4}}},"2":{"name":"detectTransferRestriction","line":70,"loc":{"start":{"line":70,"column":4},"end":{"line":81,"column":4}}},"3":{"name":"detectTransferRestrictionFrom","line":83,"loc":{"start":{"line":83,"column":4},"end":{"line":99,"column":4}}},"4":{"name":"_detectTransferRestriction","line":108,"loc":{"start":{"line":108,"column":4},"end":{"line":124,"column":4}}}},"statementMap":{"1":{"start":{"line":45,"column":8},"end":{"line":45,"column":1876}},"2":{"start":{"line":46,"column":12},"end":{"line":46,"column":35}},"3":{"start":{"line":47,"column":15},"end":{"line":47,"column":2007}},"4":{"start":{"line":48,"column":12},"end":{"line":48,"column":48}},"5":{"start":{"line":49,"column":15},"end":{"line":49,"column":2164}},"6":{"start":{"line":50,"column":12},"end":{"line":50,"column":53}},"7":{"start":{"line":51,"column":15},"end":{"line":51,"column":2331}},"8":{"start":{"line":52,"column":12},"end":{"line":52,"column":53}},"9":{"start":{"line":53,"column":15},"end":{"line":53,"column":2498}},"10":{"start":{"line":54,"column":12},"end":{"line":54,"column":51}},"11":{"start":{"line":55,"column":15},"end":{"line":55,"column":2661}},"12":{"start":{"line":56,"column":12},"end":{"line":56,"column":56}},"13":{"start":{"line":58,"column":12},"end":{"line":58,"column":36}},"14":{"start":{"line":75,"column":8},"end":{"line":75,"column":70}},"15":{"start":{"line":76,"column":8},"end":{"line":76,"column":3513}},"16":{"start":{"line":77,"column":12},"end":{"line":77,"column":29}},"17":{"start":{"line":79,"column":12},"end":{"line":79,"column":71}},"18":{"start":{"line":89,"column":8},"end":{"line":89,"column":3940}},"19":{"start":{"line":90,"column":12},"end":{"line":90,"column":92}},"20":{"start":{"line":92,"column":12},"end":{"line":92,"column":74}},"21":{"start":{"line":93,"column":12},"end":{"line":93,"column":4168}},"22":{"start":{"line":94,"column":16},"end":{"line":94,"column":33}},"23":{"start":{"line":96,"column":16},"end":{"line":96,"column":75}},"24":{"start":{"line":113,"column":8},"end":{"line":113,"column":4844}},"25":{"start":{"line":114,"column":12},"end":{"line":114,"column":89}},"26":{"start":{"line":115,"column":15},"end":{"line":115,"column":4971}},"27":{"start":{"line":116,"column":12},"end":{"line":116,"column":84}},"28":{"start":{"line":117,"column":15},"end":{"line":117,"column":5088}},"29":{"start":{"line":118,"column":12},"end":{"line":118,"column":89}},"30":{"start":{"line":119,"column":15},"end":{"line":119,"column":5216}},"31":{"start":{"line":120,"column":12},"end":{"line":120,"column":87}},"32":{"start":{"line":122,"column":12},"end":{"line":122,"column":71}}},"branchMap":{"1":{"line":45,"type":"if","locations":[{"start":{"line":45,"column":8},"end":{"line":45,"column":8}},{"start":{"line":45,"column":8},"end":{"line":45,"column":8}}]},"2":{"line":47,"type":"if","locations":[{"start":{"line":47,"column":15},"end":{"line":47,"column":15}},{"start":{"line":47,"column":15},"end":{"line":47,"column":15}}]},"3":{"line":49,"type":"if","locations":[{"start":{"line":49,"column":15},"end":{"line":49,"column":15}},{"start":{"line":49,"column":15},"end":{"line":49,"column":15}}]},"4":{"line":51,"type":"if","locations":[{"start":{"line":51,"column":15},"end":{"line":51,"column":15}},{"start":{"line":51,"column":15},"end":{"line":51,"column":15}}]},"5":{"line":53,"type":"if","locations":[{"start":{"line":53,"column":15},"end":{"line":53,"column":15}},{"start":{"line":53,"column":15},"end":{"line":53,"column":15}}]},"6":{"line":55,"type":"if","locations":[{"start":{"line":55,"column":15},"end":{"line":55,"column":15}},{"start":{"line":55,"column":15},"end":{"line":55,"column":15}}]},"7":{"line":76,"type":"if","locations":[{"start":{"line":76,"column":8},"end":{"line":76,"column":8}},{"start":{"line":76,"column":8},"end":{"line":76,"column":8}}]},"8":{"line":89,"type":"if","locations":[{"start":{"line":89,"column":8},"end":{"line":89,"column":8}},{"start":{"line":89,"column":8},"end":{"line":89,"column":8}}]},"9":{"line":93,"type":"if","locations":[{"start":{"line":93,"column":12},"end":{"line":93,"column":12}},{"start":{"line":93,"column":12},"end":{"line":93,"column":12}}]},"10":{"line":113,"type":"if","locations":[{"start":{"line":113,"column":8},"end":{"line":113,"column":8}},{"start":{"line":113,"column":8},"end":{"line":113,"column":8}}]},"11":{"line":115,"type":"if","locations":[{"start":{"line":115,"column":15},"end":{"line":115,"column":15}},{"start":{"line":115,"column":15},"end":{"line":115,"column":15}}]},"12":{"line":117,"type":"if","locations":[{"start":{"line":117,"column":15},"end":{"line":117,"column":15}},{"start":{"line":117,"column":15},"end":{"line":117,"column":15}}]},"13":{"line":119,"type":"if","locations":[{"start":{"line":119,"column":15},"end":{"line":119,"column":15}},{"start":{"line":119,"column":15},"end":{"line":119,"column":15}}]}}},
"contracts/modules/lite/ValidationModulePolicyEngine.sol":{"l":{"25":155,"38":23,"46":155,"47":39,"49":116,"59":23,"60":12,"62":11,"72":13,"80":120,"84":134,"85":134,"86":132,"87":132,"92":123,"94":9,"97":2,"108":1163,"109":1094,"110":1094,"111":1091,"112":1091,"115":1058,"116":2,"119":1061},"path":"/home/ryan/Pictures/CMTAT-ACE/contracts/modules/lite/ValidationModulePolicyEngine.sol","s":{"1":155,"2":23,"3":155,"4":39,"5":116,"6":23,"7":12,"8":11,"9":13,"10":120,"11":134,"12":134,"13":132,"14":132,"15":123,"16":9,"17":2,"18":1163,"19":1094,"20":1094,"21":1091,"22":1091,"23":1058,"24":2,"25":1061},"b":{"1":[39,116],"2":[12,11],"3":[132,2],"4":[1091,3],"5":[2,1056]},"f":{"1":155,"2":23,"3":155,"4":23,"5":13,"6":120,"7":134,"8":1163},"fnMap":{"1":{"name":"canTransfer","line":20,"loc":{"start":{"line":20,"column":4},"end":{"line":26,"column":4}}},"2":{"name":"canTransferFrom","line":32,"loc":{"start":{"line":32,"column":4},"end":{"line":39,"column":4}}},"3":{"name":"_canTransfer","line":45,"loc":{"start":{"line":45,"column":4},"end":{"line":51,"column":4}}},"4":{"name":"_canTransferFrom","line":53,"loc":{"start":{"line":53,"column":4},"end":{"line":64,"column":4}}},"5":{"name":"_canTransferFromWithPolicyEngine","line":66,"loc":{"start":{"line":66,"column":4},"end":{"line":73,"column":4}}},"6":{"name":"_canTransferWithPolicyEngine","line":75,"loc":{"start":{"line":75,"column":4},"end":{"line":81,"column":4}}},"7":{"name":"_tryCheckPolicies","line":83,"loc":{"start":{"line":83,"column":4},"end":{"line":99,"column":4}}},"8":{"name":"_transferred","line":102,"loc":{"start":{"line":102,"column":4},"end":{"line":120,"column":4}}}},"statementMap":{"1":{"start":{"line":25,"column":8},"end":{"line":25,"column":44}},"2":{"start":{"line":38,"column":8},"end":{"line":38,"column":57}},"3":{"start":{"line":46,"column":8},"end":{"line":46,"column":1819}},"4":{"start":{"line":47,"column":12},"end":{"line":47,"column":24}},"5":{"start":{"line":49,"column":12},"end":{"line":49,"column":64}},"6":{"start":{"line":59,"column":8},"end":{"line":59,"column":2176}},"7":{"start":{"line":60,"column":12},"end":{"line":60,"column":24}},"8":{"start":{"line":62,"column":12},"end":{"line":62,"column":77}},"9":{"start":{"line":72,"column":8},"end":{"line":72,"column":100}},"10":{"start":{"line":80,"column":8},"end":{"line":80,"column":87}},"11":{"start":{"line":84,"column":8},"end":{"line":84,"column":70}},"12":{"start":{"line":85,"column":8},"end":{"line":85,"column":3118}},"13":{"start":{"line":86,"column":12},"end":{"line":86,"column":47}},"14":{"start":{"line":87,"column":12},"end":{"line":87,"column":3227}},"15":{"start":{"line":92,"column":16},"end":{"line":92,"column":27}},"16":{"start":{"line":94,"column":16},"end":{"line":94,"column":28}},"17":{"start":{"line":97,"column":12},"end":{"line":97,"column":23}},"18":{"start":{"line":108,"column":8},"end":{"line":108,"column":62}},"19":{"start":{"line":109,"column":8},"end":{"line":109,"column":70}},"20":{"start":{"line":110,"column":8},"end":{"line":110,"column":3919}},"21":{"start":{"line":111,"column":12},"end":{"line":111,"column":47}},"22":{"start":{"line":112,"column":12},"end":{"line":112,"column":4028}},"23":{"start":{"line":115,"column":12},"end":{"line":115,"column":4193}},"24":{"start":{"line":116,"column":16},"end":{"line":116,"column":29}},"25":{"start":{"line":119,"column":8},"end":{"line":119,"column":19}}},"branchMap":{"1":{"line":46,"type":"if","locations":[{"start":{"line":46,"column":8},"end":{"line":46,"column":8}},{"start":{"line":46,"column":8},"end":{"line":46,"column":8}}]},"2":{"line":59,"type":"if","locations":[{"start":{"line":59,"column":8},"end":{"line":59,"column":8}},{"start":{"line":59,"column":8},"end":{"line":59,"column":8}}]},"3":{"line":85,"type":"if","locations":[{"start":{"line":85,"column":8},"end":{"line":85,"column":8}},{"start":{"line":85,"column":8},"end":{"line":85,"column":8}}]},"4":{"line":110,"type":"if","locations":[{"start":{"line":110,"column":8},"end":{"line":110,"column":8}},{"start":{"line":110,"column":8},"end":{"line":110,"column":8}}]},"5":{"line":115,"type":"if","locations":[{"start":{"line":115,"column":12},"end":{"line":115,"column":12}},{"start":{"line":115,"column":12},"end":{"line":115,"column":12}}]}}},
"contracts/modules/standard/CCTCommon.sol":{"l":{"49":27,"58":27,"70":27,"73":27,"76":27,"79":27,"81":27,"84":27,"94":27,"104":27,"112":27,"118":27,"133":16,"143":6,"154":6,"161":10,"168":7,"174":13,"189":10,"196":10,"205":10,"206":10,"207":3,"209":7,"221":7,"222":7,"223":3,"225":4,"241":11,"242":11,"247":8,"249":3,"261":211,"271":30,"282":2},"path":"/home/ryan/Pictures/CMTAT-ACE/contracts/modules/standard/CCTCommon.sol","s":{"1":27,"2":27,"3":27,"4":27,"5":27,"6":27,"7":27,"8":27,"9":27,"10":27,"11":27,"12":27,"13":16,"14":6,"15":6,"16":10,"17":7,"18":13,"19":10,"20":10,"21":10,"22":10,"23":3,"24":7,"25":7,"26":7,"27":3,"28":4,"29":11,"30":11,"31":8,"32":3,"33":211,"34":30,"35":2},"b":{"1":[27,2],"2":[27,0],"3":[27,0],"4":[27,0],"5":[27,0],"6":[27,0],"7":[16,1],"8":[6,0],"9":[4,3],"10":[1,4],"11":[4,4],"12":[3,7],"13":[1,1],"14":[1,1],"15":[3,4],"16":[1,1],"17":[1,1],"18":[3,3],"19":[194,22],"20":[18,12],"21":[24,3],"22":[3,3],"23":[32,9],"24":[9,9],"25":[3,3],"26":[15,6],"27":[3,3],"28":[3,3]},"f":{"1":27,"2":27,"3":27,"4":27,"5":27,"6":27,"7":16,"8":6,"9":4,"10":6,"11":10,"12":7,"13":13,"14":10,"15":10,"16":10,"17":7,"18":11,"19":211,"20":30,"21":2,"22":3,"23":194,"24":18,"25":24,"26":3,"27":32,"28":9,"29":3,"30":15,"31":3,"32":3},"fnMap":{"1":{"name":"initialize","line":48,"loc":{"start":{"line":43,"column":4},"end":{"line":50,"column":4}}},"2":{"name":"_initialize","line":57,"loc":{"start":{"line":52,"column":4},"end":{"line":59,"column":4}}},"3":{"name":"__CMTAT_init","line":69,"loc":{"start":{"line":64,"column":4},"end":{"line":85,"column":4}}},"4":{"name":"__CMTAT_openzeppelin_init_unchained","line":92,"loc":{"start":{"line":90,"column":4},"end":{"line":95,"column":4}}},"5":{"name":"__CMTAT_modules_init_unchained","line":103,"loc":{"start":{"line":100,"column":4},"end":{"line":105,"column":4}}},"6":{"name":"__CMTAT_commonModules_init_unchained","line":110,"loc":{"start":{"line":107,"column":4},"end":{"line":123,"column":4}}},"7":{"name":"transfer","line":132,"loc":{"start":{"line":129,"column":4},"end":{"line":134,"column":4}}},"8":{"name":"transferFrom","line":142,"loc":{"start":{"line":138,"column":4},"end":{"line":144,"column":4}}},"9":{"name":"_authorizeAttachPolicyEngine","line":146,"loc":{"start":{"line":146,"column":4},"end":{"line":146,"column":88}}},"10":{"name":"decimals","line":153,"loc":{"start":{"line":153,"column":4},"end":{"line":155,"column":4}}},"11":{"name":"name","line":160,"loc":{"start":{"line":160,"column":4},"end":{"line":162,"column":4}}},"12":{"name":"symbol","line":167,"loc":{"start":{"line":167,"column":4},"end":{"line":169,"column":4}}},"13":{"name":"supportsInterface","line":171,"loc":{"start":{"line":171,"column":4},"end":{"line":178,"column":4}}},"14":{"name":"canSend","line":188,"loc":{"start":{"line":188,"column":4},"end":{"line":190,"column":4}}},"15":{"name":"canReceive","line":195,"loc":{"start":{"line":195,"column":4},"end":{"line":197,"column":4}}},"16":{"name":"canTransfer","line":204,"loc":{"start":{"line":204,"column":4},"end":{"line":210,"column":4}}},"17":{"name":"canTransferFrom","line":215,"loc":{"start":{"line":215,"column":4},"end":{"line":226,"column":4}}},"18":{"name":"_canTransferWithPolicyEngine","line":236,"loc":{"start":{"line":236,"column":4},"end":{"line":251,"column":4}}},"19":{"name":"_mintOverride","line":257,"loc":{"start":{"line":257,"column":4},"end":{"line":262,"column":4}}},"20":{"name":"_burnOverride","line":267,"loc":{"start":{"line":267,"column":4},"end":{"line":272,"column":4}}},"21":{"name":"_minterTransferOverride","line":277,"loc":{"start":{"line":277,"column":4},"end":{"line":283,"column":4}}},"22":{"name":"_authorizeERC20AttributeManagement","line":291,"loc":{"start":{"line":291,"column":4},"end":{"line":291,"column":104}}},"23":{"name":"_authorizeMint","line":297,"loc":{"start":{"line":297,"column":4},"end":{"line":297,"column":84}}},"24":{"name":"_authorizeBurn","line":303,"loc":{"start":{"line":303,"column":4},"end":{"line":303,"column":84}}},"25":{"name":"_authorizeDocumentManagement","line":309,"loc":{"start":{"line":309,"column":4},"end":{"line":309,"column":104}}},"26":{"name":"_authorizeExtraInfoManagement","line":315,"loc":{"start":{"line":315,"column":4},"end":{"line":315,"column":106}}},"27":{"name":"_authorizeERC20Enforcer","line":321,"loc":{"start":{"line":321,"column":4},"end":{"line":321,"column":100}}},"28":{"name":"_authorizeForcedTransfer","line":327,"loc":{"start":{"line":327,"column":4},"end":{"line":327,"column":101}}},"29":{"name":"_authorizeCCIPSetAdmin","line":333,"loc":{"start":{"line":333,"column":4},"end":{"line":333,"column":87}}},"30":{"name":"_checkTokenBridge","line":344,"loc":{"start":{"line":344,"column":4},"end":{"line":344,"column":107}}},"31":{"name":"_authorizeBurnFrom","line":351,"loc":{"start":{"line":351,"column":4},"end":{"line":351,"column":94}}},"32":{"name":"_authorizeSelfBurn","line":358,"loc":{"start":{"line":358,"column":4},"end":{"line":358,"column":94}}}},"statementMap":{"1":{"start":{"line":49,"column":8},"end":{"line":49,"column":86}},"2":{"start":{"line":58,"column":8},"end":{"line":58,"column":87}},"3":{"start":{"line":70,"column":8},"end":{"line":70,"column":38}},"4":{"start":{"line":73,"column":8},"end":{"line":73,"column":33}},"5":{"start":{"line":76,"column":8},"end":{"line":76,"column":32}},"6":{"start":{"line":79,"column":8},"end":{"line":79,"column":60}},"7":{"start":{"line":81,"column":8},"end":{"line":81,"column":57}},"8":{"start":{"line":84,"column":8},"end":{"line":84,"column":84}},"9":{"start":{"line":94,"column":8},"end":{"line":94,"column":77}},"10":{"start":{"line":104,"column":8},"end":{"line":104,"column":90}},"11":{"start":{"line":112,"column":8},"end":{"line":112,"column":4792}},"12":{"start":{"line":118,"column":8},"end":{"line":118,"column":4991}},"13":{"start":{"line":133,"column":8},"end":{"line":133,"column":50}},"14":{"start":{"line":143,"column":8},"end":{"line":143,"column":60}},"15":{"start":{"line":154,"column":8},"end":{"line":154,"column":41}},"16":{"start":{"line":161,"column":8},"end":{"line":161,"column":37}},"17":{"start":{"line":168,"column":8},"end":{"line":168,"column":39}},"18":{"start":{"line":174,"column":8},"end":{"line":174,"column":6992}},"19":{"start":{"line":189,"column":8},"end":{"line":189,"column":19}},"20":{"start":{"line":196,"column":8},"end":{"line":196,"column":19}},"21":{"start":{"line":205,"column":8},"end":{"line":205,"column":93}},"22":{"start":{"line":206,"column":8},"end":{"line":206,"column":8486}},"23":{"start":{"line":207,"column":12},"end":{"line":207,"column":24}},"24":{"start":{"line":209,"column":8},"end":{"line":209,"column":98}},"25":{"start":{"line":221,"column":8},"end":{"line":221,"column":93}},"26":{"start":{"line":222,"column":8},"end":{"line":222,"column":9074}},"27":{"start":{"line":223,"column":12},"end":{"line":223,"column":24}},"28":{"start":{"line":225,"column":8},"end":{"line":225,"column":111}},"29":{"start":{"line":241,"column":8},"end":{"line":241,"column":70}},"30":{"start":{"line":242,"column":8},"end":{"line":242,"column":10123}},"31":{"start":{"line":247,"column":12},"end":{"line":247,"column":23}},"32":{"start":{"line":249,"column":12},"end":{"line":249,"column":24}},"33":{"start":{"line":261,"column":8},"end":{"line":261,"column":52}},"34":{"start":{"line":271,"column":8},"end":{"line":271,"column":52}},"35":{"start":{"line":282,"column":8},"end":{"line":282,"column":63}}},"branchMap":{"1":{"line":48,"type":"if","locations":[{"start":{"line":48,"column":21},"end":{"line":48,"column":21}},{"start":{"line":48,"column":21},"end":{"line":48,"column":21}}]},"2":{"line":57,"type":"if","locations":[{"start":{"line":57,"column":23},"end":{"line":57,"column":23}},{"start":{"line":57,"column":23},"end":{"line":57,"column":23}}]},"3":{"line":69,"type":"if","locations":[{"start":{"line":69,"column":23},"end":{"line":69,"column":23}},{"start":{"line":69,"column":23},"end":{"line":69,"column":23}}]},"4":{"line":92,"type":"if","locations":[{"start":{"line":92,"column":23},"end":{"line":92,"column":23}},{"start":{"line":92,"column":23},"end":{"line":92,"column":23}}]},"5":{"line":103,"type":"if","locations":[{"start":{"line":103,"column":23},"end":{"line":103,"column":23}},{"start":{"line":103,"column":23},"end":{"line":103,"column":23}}]},"6":{"line":110,"type":"if","locations":[{"start":{"line":110,"column":23},"end":{"line":110,"column":23}},{"start":{"line":110,"column":23},"end":{"line":110,"column":23}}]},"7":{"line":132,"type":"if","locations":[{"start":{"line":132,"column":65},"end":{"line":132,"column":65}},{"start":{"line":132,"column":65},"end":{"line":132,"column":65}}]},"8":{"line":142,"type":"if","locations":[{"start":{"line":142,"column":65},"end":{"line":142,"column":65}},{"start":{"line":142,"column":65},"end":{"line":142,"column":65}}]},"9":{"line":146,"type":"if","locations":[{"start":{"line":146,"column":77},"end":{"line":146,"column":77}},{"start":{"line":146,"column":77},"end":{"line":146,"column":77}}]},"10":{"line":175,"type":"cond-expr","locations":[{"start":{"line":175,"column":12},"end":{"line":175,"column":61}},{"start":{"line":176,"column":12},"end":{"line":176,"column":64}}]},"11":{"line":175,"type":"cond-expr","locations":[{"start":{"line":175,"column":12},"end":{"line":176,"column":64}},{"start":{"line":177,"column":12},"end":{"line":177,"column":73}}]},"12":{"line":206,"type":"if","locations":[{"start":{"line":206,"column":8},"end":{"line":206,"column":8}},{"start":{"line":206,"column":8},"end":{"line":206,"column":8}}]},"13":{"line":206,"type":"cond-expr","locations":[{"start":{"line":206,"column":12},"end":{"line":206,"column":22}},{"start":{"line":206,"column":27},"end":{"line":206,"column":40}}]},"14":{"line":206,"type":"cond-expr","locations":[{"start":{"line":206,"column":12},"end":{"line":206,"column":40}},{"start":{"line":206,"column":45},"end":{"line":206,"column":59}}]},"15":{"line":222,"type":"if","locations":[{"start":{"line":222,"column":8},"end":{"line":222,"column":8}},{"start":{"line":222,"column":8},"end":{"line":222,"column":8}}]},"16":{"line":222,"type":"cond-expr","locations":[{"start":{"line":222,"column":12},"end":{"line":222,"column":22}},{"start":{"line":222,"column":27},"end":{"line":222,"column":40}}]},"17":{"line":222,"type":"cond-expr","locations":[{"start":{"line":222,"column":12},"end":{"line":222,"column":40}},{"start":{"line":222,"column":45},"end":{"line":222,"column":59}}]},"18":{"line":291,"type":"if","locations":[{"start":{"line":291,"column":93},"end":{"line":291,"column":93}},{"start":{"line":291,"column":93},"end":{"line":291,"column":93}}]},"19":{"line":297,"type":"if","locations":[{"start":{"line":297,"column":73},"end":{"line":297,"column":73}},{"start":{"line":297,"column":73},"end":{"line":297,"column":73}}]},"20":{"line":303,"type":"if","locations":[{"start":{"line":303,"column":73},"end":{"line":303,"column":73}},{"start":{"line":303,"column":73},"end":{"line":303,"column":73}}]},"21":{"line":309,"type":"if","locations":[{"start":{"line":309,"column":93},"end":{"line":309,"column":93}},{"start":{"line":309,"column":93},"end":{"line":309,"column":93}}]},"22":{"line":315,"type":"if","locations":[{"start":{"line":315,"column":95},"end":{"line":315,"column":95}},{"start":{"line":315,"column":95},"end":{"line":315,"column":95}}]},"23":{"line":321,"type":"if","locations":[{"start":{"line":321,"column":89},"end":{"line":321,"column":89}},{"start":{"line":321,"column":89},"end":{"line":321,"column":89}}]},"24":{"line":327,"type":"if","locations":[{"start":{"line":327,"column":90},"end":{"line":327,"column":90}},{"start":{"line":327,"column":90},"end":{"line":327,"column":90}}]},"25":{"line":333,"type":"if","locations":[{"start":{"line":333,"column":76},"end":{"line":333,"column":76}},{"start":{"line":333,"column":76},"end":{"line":333,"column":76}}]},"26":{"line":344,"type":"if","locations":[{"start":{"line":344,"column":96},"end":{"line":344,"column":96}},{"start":{"line":344,"column":96},"end":{"line":344,"column":96}}]},"27":{"line":351,"type":"if","locations":[{"start":{"line":351,"column":83},"end":{"line":351,"column":83}},{"start":{"line":351,"column":83},"end":{"line":351,"column":83}}]},"28":{"line":358,"type":"if","locations":[{"start":{"line":358,"column":83},"end":{"line":358,"column":83}},{"start":{"line":358,"column":83},"end":{"line":358,"column":83}}]}}}}
