TN:
SF:/home/ryan/Pictures/CMTAT-ACE/contracts/deployment/lite/ComplianceTokenCMTATLiteStandalone.sol
FN:21,constructor
FNF:1
FNH:1
FNDA:109,constructor
DA:28,109
LF:1
LH:1
BRF:0
BRH:0
end_of_record
TN:
SF:/home/ryan/Pictures/CMTAT-ACE/contracts/deployment/lite/ComplianceTokenCMTATLiteUpgradeable.sol
FN:14,constructor
FNF:1
FNH:1
FNDA:1,constructor
DA:16,1
LF:1
LH:1
BRF:0
BRH:0
end_of_record
TN:
SF:/home/ryan/Pictures/CMTAT-ACE/contracts/deployment/lite/ComplianceTokenCMTATLiteUUPSUpgradeable.sol
FN:17,constructor
FN:27,_authorizeUpgrade
FNF:2
FNH:2
FNDA:1,constructor
FNDA:2,_authorizeUpgrade
DA:19,1
LF:1
LH:1
BRDA:27,1,0,2
BRDA:27,1,1,1
BRF:2
BRH:2
end_of_record
TN:
SF:/home/ryan/Pictures/CMTAT-ACE/contracts/deployment/standard/ComplianceTokenCMTATStandalone.sol
FN:21,constructor
FNF:1
FNH:1
FNDA:25,constructor
DA:28,25
LF:1
LH:1
BRF:0
BRH:0
end_of_record
TN:
SF:/home/ryan/Pictures/CMTAT-ACE/contracts/deployment/standard/ComplianceTokenCMTATUpgradeable.sol
FN:14,constructor
FNF:1
FNH:1
FNDA:1,constructor
DA:16,1
LF:1
LH:1
BRF:0
BRH:0
end_of_record
TN:
SF:/home/ryan/Pictures/CMTAT-ACE/contracts/deployment/standard/ComplianceTokenCMTATUUPSUpgradeable.sol
FN:15,constructor
FN:23,_authorizeUpgrade
FNF:2
FNH:2
FNDA:1,constructor
FNDA:2,_authorizeUpgrade
DA:17,1
LF:1
LH:1
BRDA:23,1,0,2
BRDA:23,1,1,1
BRF:2
BRH:2
end_of_record
TN:
SF:/home/ryan/Pictures/CMTAT-ACE/contracts/interfaces/IERC7943Fungible.sol
FNF:0
FNH:0
LF:0
LH:0
BRF:0
BRH:0
end_of_record
TN:
SF:/home/ryan/Pictures/CMTAT-ACE/contracts/modules/chainlink-ace/custom/CrossChainMintBurnExtractor.sol
FN:45,extract
FNF:1
FNH:1
FNDA:9,extract
DA:48,9
DA:49,9
DA:50,9
DA:52,9
DA:54,5
DA:57,3
DA:59,1
DA:62,8
DA:63,8
DA:64,8
DA:65,8
DA:66,8
LF:12
LH:12
BRDA:52,1,0,5
BRDA:52,1,1,4
BRDA:55,2,0,3
BRDA:55,2,1,1
BRF:4
BRH:4
end_of_record
TN:
SF:/home/ryan/Pictures/CMTAT-ACE/contracts/modules/chainlink-ace/custom/ERC20TransferFromExtractor.sol
FN:28,extract
FNF:1
FNH:1
FNDA:80,extract
DA:31,80
DA:32,80
DA:33,80
DA:34,80
DA:36,80
DA:37,70
DA:38,70
DA:39,70
DA:41,9
DA:42,9
DA:44,1
DA:47,79
DA:48,79
DA:49,79
DA:50,79
DA:51,79
DA:53,79
LF:17
LH:17
BRDA:36,1,0,70
BRDA:36,1,1,10
BRDA:40,2,0,9
BRDA:40,2,1,1
BRF:4
BRH:4
end_of_record
TN:
SF:/home/ryan/Pictures/CMTAT-ACE/contracts/modules/chainlink-ace/custom/MintBurnExtractor.sol
FN:33,extract
FNF:1
FNH:1
FNDA:22,extract
DA:36,22
DA:37,22
DA:38,22
DA:39,22
DA:41,22
DA:42,17
DA:44,17
DA:46,3
DA:48,3
DA:50,1
DA:51,1
DA:53,1
DA:55,1
DA:58,21
DA:59,21
DA:60,21
DA:61,21
DA:62,21
DA:63,21
LF:19
LH:19
BRDA:41,1,0,17
BRDA:41,1,1,5
BRDA:45,2,0,3
BRDA:45,2,1,2
BRDA:49,3,0,1
BRDA:49,3,1,1
BRF:6
BRH:6
end_of_record
TN:
SF:/home/ryan/Pictures/CMTAT-ACE/contracts/modules/chainlink-ace/custom/TransferValidationPolicy.sol
FN:41,_getStorage
FN:52,configure
FN:67,setRules
FN:81,rules
FN:88,rulesCount
FN:106,run
FNF:6
FNH:6
FNDA:138,_getStorage
FNDA:69,configure
FNDA:3,setRules
FNDA:1,rules
FNDA:1,rulesCount
FNDA:69,run
DA:42,138
DA:53,69
DA:54,64
DA:55,64
DA:56,64
DA:57,71
DA:58,70
DA:68,3
DA:69,3
DA:70,3
DA:71,3
DA:72,4
DA:73,3
DA:75,2
DA:82,1
DA:89,1
DA:113,69
DA:114,69
DA:116,69
DA:118,50
DA:119,50
DA:120,50
DA:121,50
DA:123,50
DA:124,52
DA:125,52
DA:126,21
DA:127,21
DA:132,15
DA:133,15
DA:134,15
DA:136,15
DA:137,15
DA:138,15
DA:139,6
DA:140,6
DA:145,4
DA:148,38
LF:38
LH:38
BRDA:52,1,0,69
BRDA:52,1,1,0
BRDA:53,2,0,64
BRDA:53,2,1,5
BRDA:57,3,0,70
BRDA:57,3,1,1
BRDA:67,4,0,3
BRDA:67,4,1,1
BRDA:72,5,0,3
BRDA:72,5,1,1
BRDA:116,6,0,50
BRDA:116,6,1,19
BRDA:125,7,0,21
BRDA:125,7,1,31
BRDA:130,8,0,15
BRDA:130,8,1,4
BRDA:138,9,0,6
BRDA:138,9,1,9
BRF:18
BRH:17
end_of_record
TN:
SF:/home/ryan/Pictures/CMTAT-ACE/contracts/modules/chainlink-ace/mocks/CanSendReceiveOverrideMock.sol
FN:26,constructor
FN:28,setSendAllowed
FN:32,setReceiveAllowed
FN:36,canSend
FN:40,canReceive
FNF:5
FNH:5
FNDA:5,constructor
FNDA:2,setSendAllowed
FNDA:2,setReceiveAllowed
FNDA:6,canSend
FNDA:4,canReceive
DA:29,2
DA:33,2
DA:37,6
DA:41,4
LF:4
LH:4
BRF:0
BRH:0
end_of_record
TN:
SF:/home/ryan/Pictures/CMTAT-ACE/contracts/modules/chainlink-ace/mocks/TransferRuleMocks.sol
FN:23,constructor
FN:27,detectTransferRestriction
FN:35,detectTransferRestrictionFrom
FN:44,canTransfer
FN:48,canTransferFrom
FN:61,transferred
FN:66,transferred
FN:71,supportsInterface
FN:75,canReturnTransferRestrictionCode
FN:79,messageForTransferRestriction
FN:104,onlyOwner
FN:109,constructor
FN:117,setRestricted
FN:122,detectTransferRestriction
FN:132,detectTransferRestrictionFrom
FN:141,canTransfer
FN:145,canTransferFrom
FN:158,transferred
FN:166,transferred
FN:174,supportsInterface
FN:178,canReturnTransferRestrictionCode
FN:182,messageForTransferRestriction
FNF:22
FNH:22
FNDA:42,constructor
FNDA:38,detectTransferRestriction
FNDA:27,detectTransferRestrictionFrom
FNDA:4,canTransfer
FNDA:2,canTransferFrom
FNDA:2,transferred
FNDA:2,transferred
FNDA:3,supportsInterface
FNDA:3,canReturnTransferRestrictionCode
FNDA:10,messageForTransferRestriction
FNDA:8,onlyOwner
FNDA:60,constructor
FNDA:7,setRestricted
FNDA:55,detectTransferRestriction
FNDA:32,detectTransferRestrictionFrom
FNDA:4,canTransfer
FNDA:2,canTransferFrom
FNDA:3,transferred
FNDA:2,transferred
FNDA:3,supportsInterface
FNDA:4,canReturnTransferRestrictionCode
FNDA:22,messageForTransferRestriction
DA:24,42
DA:32,38
DA:41,27
DA:45,4
DA:54,2
DA:62,2
DA:63,2
DA:67,2
DA:68,2
DA:72,3
DA:76,3
DA:80,10
DA:105,8
DA:106,7
DA:110,60
DA:111,60
DA:112,58
DA:113,58
DA:118,7
DA:119,7
DA:127,55
DA:128,48
DA:129,29
DA:138,32
DA:142,4
DA:151,2
DA:159,3
DA:160,3
DA:167,2
DA:168,2
DA:175,3
DA:179,4
DA:183,22
DA:184,17
DA:185,1
LF:35
LH:35
BRDA:32,1,0,14
BRDA:32,1,1,24
BRDA:63,2,0,1
BRDA:63,2,1,1
BRDA:68,3,0,1
BRDA:68,3,1,1
BRDA:80,4,0,9
BRDA:80,4,1,1
BRDA:105,5,0,7
BRDA:105,5,1,1
BRDA:117,6,0,7
BRDA:117,6,1,1
BRDA:127,7,0,7
BRDA:127,7,1,48
BRDA:128,8,0,19
BRDA:128,8,1,29
BRDA:160,9,0,2
BRDA:160,9,1,1
BRDA:168,10,0,1
BRDA:168,10,1,1
BRDA:179,11,0,1
BRDA:179,11,1,1
BRDA:183,12,0,5
BRDA:183,12,1,17
BRDA:184,13,0,16
BRDA:184,13,1,1
BRF:26
BRH:26
end_of_record
TN:
SF:/home/ryan/Pictures/CMTAT-ACE/contracts/modules/lite/CCTCMTATBaseERC1404.sol
FN:37,messageForTransferRestriction
FN:59,detectTransferRestriction
FN:78,detectTransferRestrictionFrom
FN:97,canTransfer
FN:108,canTransferFrom
FN:120,_detectTransferRestriction
FN:135,supportsInterface
FNF:7
FNH:7
FNDA:12,messageForTransferRestriction
FNDA:10,detectTransferRestriction
FNDA:4,detectTransferRestrictionFrom
FNDA:246,canTransfer
FNDA:35,canTransferFrom
FNDA:13,_detectTransferRestriction
FNDA:9,supportsInterface
DA:40,12
DA:44,1
DA:46,1
DA:48,10
DA:64,10
DA:65,10
DA:66,6
DA:68,4
DA:69,2
DA:71,2
DA:84,4
DA:85,4
DA:86,2
DA:88,2
DA:89,1
DA:91,1
DA:102,246
DA:114,35
DA:125,13
DA:126,13
DA:127,1
DA:128,1
DA:129,1
DA:132,12
DA:138,9
LF:25
LH:25
BRDA:40,1,0,1
BRDA:40,1,1,11
BRDA:45,2,0,1
BRDA:45,2,1,10
BRDA:65,3,0,6
BRDA:65,3,1,4
BRDA:68,4,0,2
BRDA:68,4,1,2
BRDA:85,5,0,2
BRDA:85,5,1,2
BRDA:88,6,0,1
BRDA:88,6,1,1
BRDA:126,7,0,1
BRDA:126,7,1,12
BRDA:128,8,0,1
BRDA:128,8,1,0
BRF:16
BRH:15
end_of_record
TN:
SF:/home/ryan/Pictures/CMTAT-ACE/contracts/modules/lite/CCTCMTATBaseERC20CrossChain.sol
FN:22,approve
FN:25,transfer
FN:34,transferFrom
FN:44,_mintOverride
FN:55,_burnOverride
FN:66,_minterTransferOverride
FN:78,decimals
FN:85,name
FN:92,symbol
FN:97,supportsInterface
FN:114,_authorizeCCIPSetAdmin
FN:125,_checkTokenBridge
FN:139,_authorizeBurnFrom
FN:152,_authorizeSelfBurn
FNF:14
FNH:14
FNDA:127,approve
FNDA:108,transfer
FNDA:35,transferFrom
FNDA:860,_mintOverride
FNDA:154,_burnOverride
FNDA:27,_minterTransferOverride
FNDA:10,decimals
FNDA:10,name
FNDA:10,symbol
FNDA:16,supportsInterface
FNDA:9,_authorizeCCIPSetAdmin
FNDA:45,_checkTokenBridge
FNDA:11,_authorizeBurnFrom
FNDA:12,_authorizeSelfBurn
DA:23,127
DA:29,108
DA:39,35
DA:48,860
DA:49,832
DA:59,154
DA:60,128
DA:71,27
DA:72,18
DA:79,10
DA:86,10
DA:93,10
DA:100,16
DA:126,45
LF:14
LH:14
BRDA:22,1,0,127
BRDA:22,1,1,3
BRDA:101,2,0,7
BRDA:101,2,1,5
BRDA:114,3,0,9
BRDA:114,3,1,3
BRDA:125,4,0,45
BRDA:125,4,1,12
BRDA:138,5,0,17
BRDA:138,5,1,3
BRDA:139,6,0,11
BRDA:139,6,1,6
BRDA:151,7,0,18
BRDA:151,7,1,6
BRDA:152,8,0,12
BRDA:152,8,1,6
BRF:16
BRH:16
end_of_record
TN:
SF:/home/ryan/Pictures/CMTAT-ACE/contracts/modules/lite/CCTCMTATBasePolicyEngine.sol
FN:44,initialize
FN:56,_initialize
FN:68,__CMTAT_init
FN:91,__CMTAT_openzeppelin_init_unchained
FN:102,canTransfer
FN:118,canTransferFrom
FN:132,_authorizeAttachPolicyEngine
FN:148,_validatePolicyEngine
FN:154,_authorizePause
FN:155,_authorizeDeactivate
FN:157,_authorizeFreeze
FN:160,_checkTransferred
FN:173,supportsInterface
FNF:13
FNH:13
FNDA:111,initialize
FNDA:111,_initialize
FNDA:111,__CMTAT_init
FNDA:111,__CMTAT_openzeppelin_init_unchained
FNDA:246,canTransfer
FNDA:35,canTransferFrom
FNDA:3,_authorizeAttachPolicyEngine
FNDA:114,_validatePolicyEngine
FNDA:102,_authorizePause
FNDA:43,_authorizeDeactivate
FNDA:89,_authorizeFreeze
FNDA:1184,_checkTransferred
FNDA:9,supportsInterface
DA:45,111
DA:57,111
DA:71,111
DA:74,111
DA:77,111
DA:80,111
DA:83,111
DA:93,111
DA:107,246
DA:108,246
DA:109,91
DA:111,155
DA:124,35
DA:125,35
DA:126,12
DA:128,23
DA:166,1184
DA:167,1160
DA:176,9
LF:19
LH:19
BRDA:44,1,0,111
BRDA:44,1,1,2
BRDA:56,2,0,111
BRDA:56,2,1,0
BRDA:68,3,0,111
BRDA:68,3,1,0
BRDA:91,4,0,111
BRDA:91,4,1,0
BRDA:108,5,0,91
BRDA:108,5,1,155
BRDA:125,6,0,12
BRDA:125,6,1,23
BRDA:132,7,0,3
BRDA:132,7,1,1
BRDA:154,8,0,102
BRDA:154,8,1,6
BRDA:155,9,0,43
BRDA:155,9,1,3
BRDA:157,10,0,89
BRDA:157,10,1,9
BRDA:167,11,0,1058
BRDA:167,11,1,102
BRDA:177,12,0,1
BRDA:177,12,1,3
BRDA:177,13,0,3
BRDA:177,13,1,1
BRF:26
BRH:23
end_of_record
TN:
SF:/home/ryan/Pictures/CMTAT-ACE/contracts/modules/lite/PolicyValidationModuleERC1404.sol
FN:42,messageForTransferRestriction
FN:70,detectTransferRestriction
FN:83,detectTransferRestrictionFrom
FN:108,_detectTransferRestriction
FNF:4
FNH:4
FNDA:10,messageForTransferRestriction
FNDA:10,detectTransferRestriction
FNDA:4,detectTransferRestrictionFrom
FNDA:12,_detectTransferRestriction
DA:45,10
DA:46,2
DA:48,1
DA:50,1
DA:52,2
DA:54,2
DA:56,1
DA:58,1
DA:75,10
DA:76,10
DA:77,6
DA:79,4
DA:89,4
DA:90,1
DA:92,3
DA:93,3
DA:94,1
DA:96,2
DA:113,12
DA:114,1
DA:116,1
DA:118,2
DA:120,2
DA:122,6
LF:24
LH:24
BRDA:45,1,0,2
BRDA:45,1,1,8
BRDA:47,2,0,1
BRDA:47,2,1,7
BRDA:49,3,0,1
BRDA:49,3,1,6
BRDA:51,4,0,2
BRDA:51,4,1,4
BRDA:53,5,0,2
BRDA:53,5,1,2
BRDA:55,6,0,1
BRDA:55,6,1,1
BRDA:76,7,0,6
BRDA:76,7,1,4
BRDA:89,8,0,1
BRDA:89,8,1,3
BRDA:93,9,0,1
BRDA:93,9,1,2
BRDA:113,10,0,1
BRDA:113,10,1,11
BRDA:115,11,0,1
BRDA:115,11,1,10
BRDA:117,12,0,2
BRDA:117,12,1,8
BRDA:119,13,0,2
BRDA:119,13,1,6
BRF:26
BRH:26
end_of_record
TN:
SF:/home/ryan/Pictures/CMTAT-ACE/contracts/modules/lite/ValidationModulePolicyEngine.sol
FN:20,canTransfer
FN:32,canTransferFrom
FN:45,_canTransfer
FN:53,_canTransferFrom
FN:66,_canTransferFromWithPolicyEngine
FN:75,_canTransferWithPolicyEngine
FN:83,_tryCheckPolicies
FN:102,_transferred
FNF:8
FNH:8
FNDA:155,canTransfer
FNDA:23,canTransferFrom
FNDA:155,_canTransfer
FNDA:23,_canTransferFrom
FNDA:13,_canTransferFromWithPolicyEngine
FNDA:120,_canTransferWithPolicyEngine
FNDA:134,_tryCheckPolicies
FNDA:1163,_transferred
DA:25,155
DA:38,23
DA:46,155
DA:47,39
DA:49,116
DA:59,23
DA:60,12
DA:62,11
DA:72,13
DA:80,120
DA:84,134
DA:85,134
DA:86,132
DA:87,132
DA:92,123
DA:94,9
DA:97,2
DA:108,1163
DA:109,1094
DA:110,1094
DA:111,1091
DA:112,1091
DA:115,1058
DA:116,2
DA:119,1061
LF:25
LH:25
BRDA:46,1,0,39
BRDA:46,1,1,116
BRDA:59,2,0,12
BRDA:59,2,1,11
BRDA:85,3,0,132
BRDA:85,3,1,2
BRDA:110,4,0,1091
BRDA:110,4,1,3
BRDA:115,5,0,2
BRDA:115,5,1,1056
BRF:10
BRH:10
end_of_record
TN:
SF:/home/ryan/Pictures/CMTAT-ACE/contracts/modules/standard/CCTCommon.sol
FN:48,initialize
FN:57,_initialize
FN:69,__CMTAT_init
FN:92,__CMTAT_openzeppelin_init_unchained
FN:103,__CMTAT_modules_init_unchained
FN:110,__CMTAT_commonModules_init_unchained
FN:132,transfer
FN:142,transferFrom
FN:146,_authorizeAttachPolicyEngine
FN:153,decimals
FN:160,name
FN:167,symbol
FN:171,supportsInterface
FN:188,canSend
FN:195,canReceive
FN:204,canTransfer
FN:215,canTransferFrom
FN:236,_canTransferWithPolicyEngine
FN:257,_mintOverride
FN:267,_burnOverride
FN:277,_minterTransferOverride
FN:291,_authorizeERC20AttributeManagement
FN:297,_authorizeMint
FN:303,_authorizeBurn
FN:309,_authorizeDocumentManagement
FN:315,_authorizeExtraInfoManagement
FN:321,_authorizeERC20Enforcer
FN:327,_authorizeForcedTransfer
FN:333,_authorizeCCIPSetAdmin
FN:344,_checkTokenBridge
FN:351,_authorizeBurnFrom
FN:358,_authorizeSelfBurn
FNF:32
FNH:32
FNDA:27,initialize
FNDA:27,_initialize
FNDA:27,__CMTAT_init
FNDA:27,__CMTAT_openzeppelin_init_unchained
FNDA:27,__CMTAT_modules_init_unchained
FNDA:27,__CMTAT_commonModules_init_unchained
FNDA:16,transfer
FNDA:6,transferFrom
FNDA:4,_authorizeAttachPolicyEngine
FNDA:6,decimals
FNDA:10,name
FNDA:7,symbol
FNDA:13,supportsInterface
FNDA:10,canSend
FNDA:10,canReceive
FNDA:10,canTransfer
FNDA:7,canTransferFrom
FNDA:11,_canTransferWithPolicyEngine
FNDA:211,_mintOverride
FNDA:30,_burnOverride
FNDA:2,_minterTransferOverride
FNDA:3,_authorizeERC20AttributeManagement
FNDA:194,_authorizeMint
FNDA:18,_authorizeBurn
FNDA:24,_authorizeDocumentManagement
FNDA:3,_authorizeExtraInfoManagement
FNDA:32,_authorizeERC20Enforcer
FNDA:9,_authorizeForcedTransfer
FNDA:3,_authorizeCCIPSetAdmin
FNDA:15,_checkTokenBridge
FNDA:3,_authorizeBurnFrom
FNDA:3,_authorizeSelfBurn
DA:49,27
DA:58,27
DA:70,27
DA:73,27
DA:76,27
DA:79,27
DA:81,27
DA:84,27
DA:94,27
DA:104,27
DA:112,27
DA:118,27
DA:133,16
DA:143,6
DA:154,6
DA:161,10
DA:168,7
DA:174,13
DA:189,10
DA:196,10
DA:205,10
DA:206,10
DA:207,3
DA:209,7
DA:221,7
DA:222,7
DA:223,3
DA:225,4
DA:241,11
DA:242,11
DA:247,8
DA:249,3
DA:261,211
DA:271,30
DA:282,2
LF:35
LH:35
BRDA:48,1,0,27
BRDA:48,1,1,2
BRDA:57,2,0,27
BRDA:57,2,1,0
BRDA:69,3,0,27
BRDA:69,3,1,0
BRDA:92,4,0,27
BRDA:92,4,1,0
BRDA:103,5,0,27
BRDA:103,5,1,0
BRDA:110,6,0,27
BRDA:110,6,1,0
BRDA:132,7,0,16
BRDA:132,7,1,1
BRDA:142,8,0,6
BRDA:142,8,1,0
BRDA:146,9,0,4
BRDA:146,9,1,3
BRDA:175,10,0,1
BRDA:175,10,1,4
BRDA:175,11,0,4
BRDA:175,11,1,4
BRDA:206,12,0,3
BRDA:206,12,1,7
BRDA:206,13,0,1
BRDA:206,13,1,1
BRDA:206,14,0,1
BRDA:206,14,1,1
BRDA:222,15,0,3
BRDA:222,15,1,4
BRDA:222,16,0,1
BRDA:222,16,1,1
BRDA:222,17,0,1
BRDA:222,17,1,1
BRDA:291,18,0,3
BRDA:291,18,1,3
BRDA:297,19,0,194
BRDA:297,19,1,22
BRDA:303,20,0,18
BRDA:303,20,1,12
BRDA:309,21,0,24
BRDA:309,21,1,3
BRDA:315,22,0,3
BRDA:315,22,1,3
BRDA:321,23,0,32
BRDA:321,23,1,9
BRDA:327,24,0,9
BRDA:327,24,1,9
BRDA:333,25,0,3
BRDA:333,25,1,3
BRDA:344,26,0,15
BRDA:344,26,1,6
BRDA:351,27,0,3
BRDA:351,27,1,3
BRDA:358,28,0,3
BRDA:358,28,1,3
BRF:56
BRH:50
end_of_record
